08-Feb-2024 18:18:03.350 INFO [Thread-1] org.apache.coyote.AbstractProtocol.pause Pausing ProtocolHandler ["http-nio-8080"]
08-Feb-2024 18:18:03.373 INFO [Thread-1] org.apache.catalina.core.StandardService.stopInternal Stopping service [Catalina]
08-Feb-2024 18:18:03.412 WARNING [Thread-1] org.apache.catalina.loader.WebappClassLoaderBase.clearReferencesJdbc The web application [StudentManagement] registered the JDBC driver [com.mysql.cj.jdbc.Driver] but failed to unregister it when the web application was stopped. To prevent a memory leak, the JDBC Driver has been forcibly unregistered.
08-Feb-2024 18:18:03.415 WARNING [Thread-1] org.apache.catalina.loader.WebappClassLoaderBase.clearReferencesThreads The web application [StudentManagement] appears to have started a thread named [mysql-cj-abandoned-connection-cleanup] but has failed to stop it. This is very likely to create a memory leak. Stack trace of thread:
 java.base@17.0.10/java.lang.Object.wait(Native Method)
 java.base@17.0.10/java.lang.ref.ReferenceQueue.remove(ReferenceQueue.java:155)
 com.mysql.cj.jdbc.AbandonedConnectionCleanupThread.run(AbandonedConnectionCleanupThread.java:91)
 java.base@17.0.10/java.util.concurrent.ThreadPoolExecutor.runWorker(ThreadPoolExecutor.java:1136)
 java.base@17.0.10/java.util.concurrent.ThreadPoolExecutor$Worker.run(ThreadPoolExecutor.java:635)
 java.base@17.0.10/java.lang.Thread.run(Thread.java:840)
08-Feb-2024 18:18:03.431 INFO [Thread-1] org.apache.coyote.AbstractProtocol.stop Stopping ProtocolHandler ["http-nio-8080"]
08-Feb-2024 18:18:03.447 INFO [Thread-1] org.apache.coyote.AbstractProtocol.destroy Destroying ProtocolHandler ["http-nio-8080"]
08-Feb-2024 18:18:08.809 INFO [main] org.apache.catalina.startup.VersionLoggerListener.log Server version name:   Apache Tomcat/10.1.18
08-Feb-2024 18:18:08.814 INFO [main] org.apache.catalina.startup.VersionLoggerListener.log Server built:          Jan 5 2024 14:39:40 UTC
08-Feb-2024 18:18:08.814 INFO [main] org.apache.catalina.startup.VersionLoggerListener.log Server version number: 10.1.18.0
08-Feb-2024 18:18:08.814 INFO [main] org.apache.catalina.startup.VersionLoggerListener.log OS Name:               Mac OS X
08-Feb-2024 18:18:08.814 INFO [main] org.apache.catalina.startup.VersionLoggerListener.log OS Version:            14.2.1
08-Feb-2024 18:18:08.814 INFO [main] org.apache.catalina.startup.VersionLoggerListener.log Architecture:          aarch64
08-Feb-2024 18:18:08.814 INFO [main] org.apache.catalina.startup.VersionLoggerListener.log Java Home:             /Users/sumandey/Library/Java/JavaVirtualMachines/corretto-17.0.10/Contents/Home
08-Feb-2024 18:18:08.814 INFO [main] org.apache.catalina.startup.VersionLoggerListener.log JVM Version:           17.0.10+7-LTS
08-Feb-2024 18:18:08.814 INFO [main] org.apache.catalina.startup.VersionLoggerListener.log JVM Vendor:            Amazon.com Inc.
08-Feb-2024 18:18:08.814 INFO [main] org.apache.catalina.startup.VersionLoggerListener.log CATALINA_BASE:         /Users/sumandey/Documents/servlets/projects/StudentManagement
08-Feb-2024 18:18:08.814 INFO [main] org.apache.catalina.startup.VersionLoggerListener.log CATALINA_HOME:         /Users/sumandey/Documents/servlets/tomcat/apache-tomcat-10.1.18
08-Feb-2024 18:18:08.823 INFO [main] org.apache.catalina.startup.VersionLoggerListener.log Command line argument: --add-opens=java.base/java.lang=ALL-UNNAMED
08-Feb-2024 18:18:08.823 INFO [main] org.apache.catalina.startup.VersionLoggerListener.log Command line argument: --add-opens=java.base/java.io=ALL-UNNAMED
08-Feb-2024 18:18:08.823 INFO [main] org.apache.catalina.startup.VersionLoggerListener.log Command line argument: --add-opens=java.base/java.util=ALL-UNNAMED
08-Feb-2024 18:18:08.823 INFO [main] org.apache.catalina.startup.VersionLoggerListener.log Command line argument: --add-opens=java.base/java.util.concurrent=ALL-UNNAMED
08-Feb-2024 18:18:08.823 INFO [main] org.apache.catalina.startup.VersionLoggerListener.log Command line argument: --add-opens=java.rmi/sun.rmi.transport=ALL-UNNAMED
08-Feb-2024 18:18:08.823 INFO [main] org.apache.catalina.startup.VersionLoggerListener.log Command line argument: -Dcatalina.home=/Users/sumandey/Documents/servlets/tomcat/apache-tomcat-10.1.18
08-Feb-2024 18:18:08.823 INFO [main] org.apache.catalina.startup.VersionLoggerListener.log Command line argument: -Dcatalina.base=/Users/sumandey/Documents/servlets/projects/StudentManagement
08-Feb-2024 18:18:08.823 INFO [main] org.apache.catalina.startup.VersionLoggerListener.log Command line argument: -Djava.io.tmpdir=/Users/sumandey/Documents/servlets/projects/StudentManagement/temp
08-Feb-2024 18:18:08.823 INFO [main] org.apache.catalina.startup.VersionLoggerListener.log Command line argument: -Djava.util.logging.config.file=/Users/sumandey/Documents/servlets/projects/StudentManagement/conf/logging.properties
08-Feb-2024 18:18:08.823 INFO [main] org.apache.catalina.startup.VersionLoggerListener.log Command line argument: -Djava.util.logging.manager=org.apache.juli.ClassLoaderLogManager
08-Feb-2024 18:18:08.823 INFO [main] org.apache.catalina.startup.VersionLoggerListener.log Command line argument: -javaagent:/Applications/IntelliJ IDEA CE.app/Contents/lib/idea_rt.jar=56163:/Applications/IntelliJ IDEA CE.app/Contents/bin
08-Feb-2024 18:18:08.823 INFO [main] org.apache.catalina.startup.VersionLoggerListener.log Command line argument: -Dfile.encoding=UTF-8
08-Feb-2024 18:18:08.832 INFO [main] org.apache.catalina.core.AprLifecycleListener.lifecycleEvent The Apache Tomcat Native library which allows using OpenSSL was not found on the java.library.path: [/Users/sumandey/Library/Java/Extensions:/Library/Java/Extensions:/Network/Library/Java/Extensions:/System/Library/Java/Extensions:/usr/lib/java:.]
08-Feb-2024 18:18:09.018 INFO [main] org.apache.coyote.AbstractProtocol.init Initializing ProtocolHandler ["http-nio-8080"]
08-Feb-2024 18:18:09.032 INFO [main] org.apache.catalina.startup.Catalina.load Server initialization in [326] milliseconds
08-Feb-2024 18:18:09.054 INFO [main] org.apache.catalina.core.StandardService.startInternal Starting service [Catalina]
08-Feb-2024 18:18:09.054 INFO [main] org.apache.catalina.core.StandardEngine.startInternal Starting Servlet engine: [Apache Tomcat/10.1.18]
08-Feb-2024 18:18:09.060 INFO [main] org.apache.catalina.startup.HostConfig.deployDescriptor Deploying deployment descriptor [/Users/sumandey/Documents/servlets/projects/StudentManagement/conf/Catalina/localhost/StudentManagement.xml]
08-Feb-2024 18:18:09.468 INFO [main] org.apache.jasper.servlet.TldScanner.scanJars At least one JAR was scanned for TLDs yet contained no TLDs. Enable debug logging for this logger for a complete list of JARs that were scanned but no TLDs were found in them. Skipping unneeded JARs during scanning can improve startup time and JSP compilation time.
08-Feb-2024 18:18:09.488 INFO [main] org.apache.catalina.startup.HostConfig.deployDescriptor Deployment of deployment descriptor [/Users/sumandey/Documents/servlets/projects/StudentManagement/conf/Catalina/localhost/StudentManagement.xml] has finished in [428] ms
08-Feb-2024 18:18:09.489 INFO [main] org.apache.coyote.AbstractProtocol.start Starting ProtocolHandler ["http-nio-8080"]
08-Feb-2024 18:18:09.494 INFO [main] org.apache.catalina.startup.Catalina.start Server startup in [461] milliseconds
08-Feb-2024 18:31:33.125 INFO [Thread-1] org.apache.coyote.AbstractProtocol.pause Pausing ProtocolHandler ["http-nio-8080"]
08-Feb-2024 18:31:33.136 INFO [Thread-1] org.apache.catalina.core.StandardService.stopInternal Stopping service [Catalina]
08-Feb-2024 18:31:33.152 INFO [Thread-1] org.apache.coyote.AbstractProtocol.stop Stopping ProtocolHandler ["http-nio-8080"]
08-Feb-2024 18:31:33.162 INFO [Thread-1] org.apache.coyote.AbstractProtocol.destroy Destroying ProtocolHandler ["http-nio-8080"]
08-Feb-2024 18:31:35.500 INFO [main] org.apache.catalina.startup.VersionLoggerListener.log Server version name:   Apache Tomcat/10.1.18
08-Feb-2024 18:31:35.503 INFO [main] org.apache.catalina.startup.VersionLoggerListener.log Server built:          Jan 5 2024 14:39:40 UTC
08-Feb-2024 18:31:35.504 INFO [main] org.apache.catalina.startup.VersionLoggerListener.log Server version number: 10.1.18.0
08-Feb-2024 18:31:35.504 INFO [main] org.apache.catalina.startup.VersionLoggerListener.log OS Name:               Mac OS X
08-Feb-2024 18:31:35.504 INFO [main] org.apache.catalina.startup.VersionLoggerListener.log OS Version:            14.2.1
08-Feb-2024 18:31:35.504 INFO [main] org.apache.catalina.startup.VersionLoggerListener.log Architecture:          aarch64
08-Feb-2024 18:31:35.504 INFO [main] org.apache.catalina.startup.VersionLoggerListener.log Java Home:             /Users/sumandey/Library/Java/JavaVirtualMachines/corretto-17.0.10/Contents/Home
08-Feb-2024 18:31:35.504 INFO [main] org.apache.catalina.startup.VersionLoggerListener.log JVM Version:           17.0.10+7-LTS
08-Feb-2024 18:31:35.504 INFO [main] org.apache.catalina.startup.VersionLoggerListener.log JVM Vendor:            Amazon.com Inc.
08-Feb-2024 18:31:35.504 INFO [main] org.apache.catalina.startup.VersionLoggerListener.log CATALINA_BASE:         /Users/sumandey/Documents/servlets/projects/StudentManagement
08-Feb-2024 18:31:35.504 INFO [main] org.apache.catalina.startup.VersionLoggerListener.log CATALINA_HOME:         /Users/sumandey/Documents/servlets/tomcat/apache-tomcat-10.1.18
08-Feb-2024 18:31:35.508 INFO [main] org.apache.catalina.startup.VersionLoggerListener.log Command line argument: --add-opens=java.base/java.lang=ALL-UNNAMED
08-Feb-2024 18:31:35.508 INFO [main] org.apache.catalina.startup.VersionLoggerListener.log Command line argument: --add-opens=java.base/java.io=ALL-UNNAMED
08-Feb-2024 18:31:35.508 INFO [main] org.apache.catalina.startup.VersionLoggerListener.log Command line argument: --add-opens=java.base/java.util=ALL-UNNAMED
08-Feb-2024 18:31:35.508 INFO [main] org.apache.catalina.startup.VersionLoggerListener.log Command line argument: --add-opens=java.base/java.util.concurrent=ALL-UNNAMED
08-Feb-2024 18:31:35.508 INFO [main] org.apache.catalina.startup.VersionLoggerListener.log Command line argument: --add-opens=java.rmi/sun.rmi.transport=ALL-UNNAMED
08-Feb-2024 18:31:35.509 INFO [main] org.apache.catalina.startup.VersionLoggerListener.log Command line argument: -Dcatalina.home=/Users/sumandey/Documents/servlets/tomcat/apache-tomcat-10.1.18
08-Feb-2024 18:31:35.509 INFO [main] org.apache.catalina.startup.VersionLoggerListener.log Command line argument: -Dcatalina.base=/Users/sumandey/Documents/servlets/projects/StudentManagement
08-Feb-2024 18:31:35.509 INFO [main] org.apache.catalina.startup.VersionLoggerListener.log Command line argument: -Djava.io.tmpdir=/Users/sumandey/Documents/servlets/projects/StudentManagement/temp
08-Feb-2024 18:31:35.509 INFO [main] org.apache.catalina.startup.VersionLoggerListener.log Command line argument: -Djava.util.logging.config.file=/Users/sumandey/Documents/servlets/projects/StudentManagement/conf/logging.properties
08-Feb-2024 18:31:35.509 INFO [main] org.apache.catalina.startup.VersionLoggerListener.log Command line argument: -Djava.util.logging.manager=org.apache.juli.ClassLoaderLogManager
08-Feb-2024 18:31:35.509 INFO [main] org.apache.catalina.startup.VersionLoggerListener.log Command line argument: -javaagent:/Applications/IntelliJ IDEA CE.app/Contents/lib/idea_rt.jar=56189:/Applications/IntelliJ IDEA CE.app/Contents/bin
08-Feb-2024 18:31:35.509 INFO [main] org.apache.catalina.startup.VersionLoggerListener.log Command line argument: -Dfile.encoding=UTF-8
08-Feb-2024 18:31:35.513 INFO [main] org.apache.catalina.core.AprLifecycleListener.lifecycleEvent The Apache Tomcat Native library which allows using OpenSSL was not found on the java.library.path: [/Users/sumandey/Library/Java/Extensions:/Library/Java/Extensions:/Network/Library/Java/Extensions:/System/Library/Java/Extensions:/usr/lib/java:.]
08-Feb-2024 18:31:35.688 INFO [main] org.apache.coyote.AbstractProtocol.init Initializing ProtocolHandler ["http-nio-8080"]
08-Feb-2024 18:31:35.703 INFO [main] org.apache.catalina.startup.Catalina.load Server initialization in [305] milliseconds
08-Feb-2024 18:31:35.734 INFO [main] org.apache.catalina.core.StandardService.startInternal Starting service [Catalina]
08-Feb-2024 18:31:35.734 INFO [main] org.apache.catalina.core.StandardEngine.startInternal Starting Servlet engine: [Apache Tomcat/10.1.18]
08-Feb-2024 18:31:35.740 INFO [main] org.apache.catalina.startup.HostConfig.deployDescriptor Deploying deployment descriptor [/Users/sumandey/Documents/servlets/projects/StudentManagement/conf/Catalina/localhost/StudentManagement.xml]
08-Feb-2024 18:31:36.149 INFO [main] org.apache.jasper.servlet.TldScanner.scanJars At least one JAR was scanned for TLDs yet contained no TLDs. Enable debug logging for this logger for a complete list of JARs that were scanned but no TLDs were found in them. Skipping unneeded JARs during scanning can improve startup time and JSP compilation time.
08-Feb-2024 18:31:36.170 INFO [main] org.apache.catalina.startup.HostConfig.deployDescriptor Deployment of deployment descriptor [/Users/sumandey/Documents/servlets/projects/StudentManagement/conf/Catalina/localhost/StudentManagement.xml] has finished in [431] ms
08-Feb-2024 18:31:36.171 INFO [main] org.apache.coyote.AbstractProtocol.start Starting ProtocolHandler ["http-nio-8080"]
08-Feb-2024 18:31:36.176 INFO [main] org.apache.catalina.startup.Catalina.start Server startup in [472] milliseconds
08-Feb-2024 18:33:17.151 INFO [Thread-1] org.apache.coyote.AbstractProtocol.pause Pausing ProtocolHandler ["http-nio-8080"]
08-Feb-2024 18:33:17.154 INFO [Thread-1] org.apache.catalina.core.StandardService.stopInternal Stopping service [Catalina]
08-Feb-2024 18:33:17.164 INFO [Thread-1] org.apache.coyote.AbstractProtocol.stop Stopping ProtocolHandler ["http-nio-8080"]
08-Feb-2024 18:33:17.170 INFO [Thread-1] org.apache.coyote.AbstractProtocol.destroy Destroying ProtocolHandler ["http-nio-8080"]
08-Feb-2024 18:34:42.655 INFO [main] org.apache.catalina.startup.VersionLoggerListener.log Server version name:   Apache Tomcat/10.1.18
08-Feb-2024 18:34:42.658 INFO [main] org.apache.catalina.startup.VersionLoggerListener.log Server built:          Jan 5 2024 14:39:40 UTC
08-Feb-2024 18:34:42.658 INFO [main] org.apache.catalina.startup.VersionLoggerListener.log Server version number: 10.1.18.0
08-Feb-2024 18:34:42.659 INFO [main] org.apache.catalina.startup.VersionLoggerListener.log OS Name:               Mac OS X
08-Feb-2024 18:34:42.659 INFO [main] org.apache.catalina.startup.VersionLoggerListener.log OS Version:            14.2.1
08-Feb-2024 18:34:42.659 INFO [main] org.apache.catalina.startup.VersionLoggerListener.log Architecture:          aarch64
08-Feb-2024 18:34:42.659 INFO [main] org.apache.catalina.startup.VersionLoggerListener.log Java Home:             /Users/sumandey/Library/Java/JavaVirtualMachines/corretto-17.0.10/Contents/Home
08-Feb-2024 18:34:42.659 INFO [main] org.apache.catalina.startup.VersionLoggerListener.log JVM Version:           17.0.10+7-LTS
08-Feb-2024 18:34:42.659 INFO [main] org.apache.catalina.startup.VersionLoggerListener.log JVM Vendor:            Amazon.com Inc.
08-Feb-2024 18:34:42.660 INFO [main] org.apache.catalina.startup.VersionLoggerListener.log CATALINA_BASE:         /Users/sumandey/Documents/servlets/projects/StudentManagement
08-Feb-2024 18:34:42.660 INFO [main] org.apache.catalina.startup.VersionLoggerListener.log CATALINA_HOME:         /Users/sumandey/Documents/servlets/tomcat/apache-tomcat-10.1.18
08-Feb-2024 18:34:42.665 INFO [main] org.apache.catalina.startup.VersionLoggerListener.log Command line argument: --add-opens=java.base/java.lang=ALL-UNNAMED
08-Feb-2024 18:34:42.665 INFO [main] org.apache.catalina.startup.VersionLoggerListener.log Command line argument: --add-opens=java.base/java.io=ALL-UNNAMED
08-Feb-2024 18:34:42.665 INFO [main] org.apache.catalina.startup.VersionLoggerListener.log Command line argument: --add-opens=java.base/java.util=ALL-UNNAMED
08-Feb-2024 18:34:42.665 INFO [main] org.apache.catalina.startup.VersionLoggerListener.log Command line argument: --add-opens=java.base/java.util.concurrent=ALL-UNNAMED
08-Feb-2024 18:34:42.665 INFO [main] org.apache.catalina.startup.VersionLoggerListener.log Command line argument: --add-opens=java.rmi/sun.rmi.transport=ALL-UNNAMED
08-Feb-2024 18:34:42.665 INFO [main] org.apache.catalina.startup.VersionLoggerListener.log Command line argument: -Dcatalina.home=/Users/sumandey/Documents/servlets/tomcat/apache-tomcat-10.1.18
08-Feb-2024 18:34:42.665 INFO [main] org.apache.catalina.startup.VersionLoggerListener.log Command line argument: -Dcatalina.base=/Users/sumandey/Documents/servlets/projects/StudentManagement
08-Feb-2024 18:34:42.665 INFO [main] org.apache.catalina.startup.VersionLoggerListener.log Command line argument: -Djava.io.tmpdir=/Users/sumandey/Documents/servlets/projects/StudentManagement/temp
08-Feb-2024 18:34:42.665 INFO [main] org.apache.catalina.startup.VersionLoggerListener.log Command line argument: -Djava.util.logging.config.file=/Users/sumandey/Documents/servlets/projects/StudentManagement/conf/logging.properties
08-Feb-2024 18:34:42.666 INFO [main] org.apache.catalina.startup.VersionLoggerListener.log Command line argument: -Djava.util.logging.manager=org.apache.juli.ClassLoaderLogManager
08-Feb-2024 18:34:42.666 INFO [main] org.apache.catalina.startup.VersionLoggerListener.log Command line argument: -javaagent:/Applications/IntelliJ IDEA CE.app/Contents/lib/idea_rt.jar=56235:/Applications/IntelliJ IDEA CE.app/Contents/bin
08-Feb-2024 18:34:42.666 INFO [main] org.apache.catalina.startup.VersionLoggerListener.log Command line argument: -Dfile.encoding=UTF-8
08-Feb-2024 18:34:42.670 INFO [main] org.apache.catalina.core.AprLifecycleListener.lifecycleEvent The Apache Tomcat Native library which allows using OpenSSL was not found on the java.library.path: [/Users/sumandey/Library/Java/Extensions:/Library/Java/Extensions:/Network/Library/Java/Extensions:/System/Library/Java/Extensions:/usr/lib/java:.]
08-Feb-2024 18:34:42.869 INFO [main] org.apache.coyote.AbstractProtocol.init Initializing ProtocolHandler ["http-nio-8080"]
08-Feb-2024 18:34:42.888 INFO [main] org.apache.catalina.startup.Catalina.load Server initialization in [333] milliseconds
08-Feb-2024 18:34:42.914 INFO [main] org.apache.catalina.core.StandardService.startInternal Starting service [Catalina]
08-Feb-2024 18:34:42.915 INFO [main] org.apache.catalina.core.StandardEngine.startInternal Starting Servlet engine: [Apache Tomcat/10.1.18]
08-Feb-2024 18:34:42.921 INFO [main] org.apache.catalina.startup.HostConfig.deployDescriptor Deploying deployment descriptor [/Users/sumandey/Documents/servlets/projects/StudentManagement/conf/Catalina/localhost/StudentManagement.xml]
08-Feb-2024 18:34:43.298 INFO [main] org.apache.jasper.servlet.TldScanner.scanJars At least one JAR was scanned for TLDs yet contained no TLDs. Enable debug logging for this logger for a complete list of JARs that were scanned but no TLDs were found in them. Skipping unneeded JARs during scanning can improve startup time and JSP compilation time.
08-Feb-2024 18:34:43.318 INFO [main] org.apache.catalina.startup.HostConfig.deployDescriptor Deployment of deployment descriptor [/Users/sumandey/Documents/servlets/projects/StudentManagement/conf/Catalina/localhost/StudentManagement.xml] has finished in [397] ms
08-Feb-2024 18:34:43.319 INFO [main] org.apache.coyote.AbstractProtocol.start Starting ProtocolHandler ["http-nio-8080"]
08-Feb-2024 18:34:43.323 INFO [main] org.apache.catalina.startup.Catalina.start Server startup in [435] milliseconds
08-Feb-2024 18:36:10.528 INFO [Thread-1] org.apache.coyote.AbstractProtocol.pause Pausing ProtocolHandler ["http-nio-8080"]
08-Feb-2024 18:36:10.530 INFO [Thread-1] org.apache.catalina.core.StandardService.stopInternal Stopping service [Catalina]
08-Feb-2024 18:36:10.543 INFO [Thread-1] org.apache.coyote.AbstractProtocol.stop Stopping ProtocolHandler ["http-nio-8080"]
08-Feb-2024 18:36:10.556 INFO [Thread-1] org.apache.coyote.AbstractProtocol.destroy Destroying ProtocolHandler ["http-nio-8080"]
08-Feb-2024 18:36:13.628 INFO [main] org.apache.catalina.startup.VersionLoggerListener.log Server version name:   Apache Tomcat/10.1.18
08-Feb-2024 18:36:13.630 INFO [main] org.apache.catalina.startup.VersionLoggerListener.log Server built:          Jan 5 2024 14:39:40 UTC
08-Feb-2024 18:36:13.630 INFO [main] org.apache.catalina.startup.VersionLoggerListener.log Server version number: 10.1.18.0
08-Feb-2024 18:36:13.630 INFO [main] org.apache.catalina.startup.VersionLoggerListener.log OS Name:               Mac OS X
08-Feb-2024 18:36:13.630 INFO [main] org.apache.catalina.startup.VersionLoggerListener.log OS Version:            14.2.1
08-Feb-2024 18:36:13.630 INFO [main] org.apache.catalina.startup.VersionLoggerListener.log Architecture:          aarch64
08-Feb-2024 18:36:13.630 INFO [main] org.apache.catalina.startup.VersionLoggerListener.log Java Home:             /Users/sumandey/Library/Java/JavaVirtualMachines/corretto-17.0.10/Contents/Home
08-Feb-2024 18:36:13.630 INFO [main] org.apache.catalina.startup.VersionLoggerListener.log JVM Version:           17.0.10+7-LTS
08-Feb-2024 18:36:13.630 INFO [main] org.apache.catalina.startup.VersionLoggerListener.log JVM Vendor:            Amazon.com Inc.
08-Feb-2024 18:36:13.630 INFO [main] org.apache.catalina.startup.VersionLoggerListener.log CATALINA_BASE:         /Users/sumandey/Documents/servlets/projects/StudentManagement
08-Feb-2024 18:36:13.630 INFO [main] org.apache.catalina.startup.VersionLoggerListener.log CATALINA_HOME:         /Users/sumandey/Documents/servlets/tomcat/apache-tomcat-10.1.18
08-Feb-2024 18:36:13.639 INFO [main] org.apache.catalina.startup.VersionLoggerListener.log Command line argument: --add-opens=java.base/java.lang=ALL-UNNAMED
08-Feb-2024 18:36:13.639 INFO [main] org.apache.catalina.startup.VersionLoggerListener.log Command line argument: --add-opens=java.base/java.io=ALL-UNNAMED
08-Feb-2024 18:36:13.639 INFO [main] org.apache.catalina.startup.VersionLoggerListener.log Command line argument: --add-opens=java.base/java.util=ALL-UNNAMED
08-Feb-2024 18:36:13.639 INFO [main] org.apache.catalina.startup.VersionLoggerListener.log Command line argument: --add-opens=java.base/java.util.concurrent=ALL-UNNAMED
08-Feb-2024 18:36:13.639 INFO [main] org.apache.catalina.startup.VersionLoggerListener.log Command line argument: --add-opens=java.rmi/sun.rmi.transport=ALL-UNNAMED
08-Feb-2024 18:36:13.639 INFO [main] org.apache.catalina.startup.VersionLoggerListener.log Command line argument: -Dcatalina.home=/Users/sumandey/Documents/servlets/tomcat/apache-tomcat-10.1.18
08-Feb-2024 18:36:13.639 INFO [main] org.apache.catalina.startup.VersionLoggerListener.log Command line argument: -Dcatalina.base=/Users/sumandey/Documents/servlets/projects/StudentManagement
08-Feb-2024 18:36:13.639 INFO [main] org.apache.catalina.startup.VersionLoggerListener.log Command line argument: -Djava.io.tmpdir=/Users/sumandey/Documents/servlets/projects/StudentManagement/temp
08-Feb-2024 18:36:13.639 INFO [main] org.apache.catalina.startup.VersionLoggerListener.log Command line argument: -Djava.util.logging.config.file=/Users/sumandey/Documents/servlets/projects/StudentManagement/conf/logging.properties
08-Feb-2024 18:36:13.639 INFO [main] org.apache.catalina.startup.VersionLoggerListener.log Command line argument: -Djava.util.logging.manager=org.apache.juli.ClassLoaderLogManager
08-Feb-2024 18:36:13.639 INFO [main] org.apache.catalina.startup.VersionLoggerListener.log Command line argument: -javaagent:/Applications/IntelliJ IDEA CE.app/Contents/lib/idea_rt.jar=56255:/Applications/IntelliJ IDEA CE.app/Contents/bin
08-Feb-2024 18:36:13.639 INFO [main] org.apache.catalina.startup.VersionLoggerListener.log Command line argument: -Dfile.encoding=UTF-8
08-Feb-2024 18:36:13.646 INFO [main] org.apache.catalina.core.AprLifecycleListener.lifecycleEvent The Apache Tomcat Native library which allows using OpenSSL was not found on the java.library.path: [/Users/sumandey/Library/Java/Extensions:/Library/Java/Extensions:/Network/Library/Java/Extensions:/System/Library/Java/Extensions:/usr/lib/java:.]
08-Feb-2024 18:36:13.828 INFO [main] org.apache.coyote.AbstractProtocol.init Initializing ProtocolHandler ["http-nio-8080"]
08-Feb-2024 18:36:13.843 INFO [main] org.apache.catalina.startup.Catalina.load Server initialization in [307] milliseconds
08-Feb-2024 18:36:13.867 INFO [main] org.apache.catalina.core.StandardService.startInternal Starting service [Catalina]
08-Feb-2024 18:36:13.868 INFO [main] org.apache.catalina.core.StandardEngine.startInternal Starting Servlet engine: [Apache Tomcat/10.1.18]
08-Feb-2024 18:36:13.875 INFO [main] org.apache.catalina.startup.HostConfig.deployDescriptor Deploying deployment descriptor [/Users/sumandey/Documents/servlets/projects/StudentManagement/conf/Catalina/localhost/StudentManagement.xml]
08-Feb-2024 18:36:14.267 INFO [main] org.apache.jasper.servlet.TldScanner.scanJars At least one JAR was scanned for TLDs yet contained no TLDs. Enable debug logging for this logger for a complete list of JARs that were scanned but no TLDs were found in them. Skipping unneeded JARs during scanning can improve startup time and JSP compilation time.
08-Feb-2024 18:36:14.287 INFO [main] org.apache.catalina.startup.HostConfig.deployDescriptor Deployment of deployment descriptor [/Users/sumandey/Documents/servlets/projects/StudentManagement/conf/Catalina/localhost/StudentManagement.xml] has finished in [412] ms
08-Feb-2024 18:36:14.288 INFO [main] org.apache.coyote.AbstractProtocol.start Starting ProtocolHandler ["http-nio-8080"]
08-Feb-2024 18:36:14.294 INFO [main] org.apache.catalina.startup.Catalina.start Server startup in [451] milliseconds
08-Feb-2024 18:37:23.919 INFO [Thread-1] org.apache.coyote.AbstractProtocol.pause Pausing ProtocolHandler ["http-nio-8080"]
08-Feb-2024 18:37:23.922 INFO [Thread-1] org.apache.catalina.core.StandardService.stopInternal Stopping service [Catalina]
08-Feb-2024 18:37:23.933 INFO [Thread-1] org.apache.coyote.AbstractProtocol.stop Stopping ProtocolHandler ["http-nio-8080"]
08-Feb-2024 18:37:23.945 INFO [Thread-1] org.apache.coyote.AbstractProtocol.destroy Destroying ProtocolHandler ["http-nio-8080"]
08-Feb-2024 18:37:26.495 INFO [main] org.apache.catalina.startup.VersionLoggerListener.log Server version name:   Apache Tomcat/10.1.18
08-Feb-2024 18:37:26.497 INFO [main] org.apache.catalina.startup.VersionLoggerListener.log Server built:          Jan 5 2024 14:39:40 UTC
08-Feb-2024 18:37:26.498 INFO [main] org.apache.catalina.startup.VersionLoggerListener.log Server version number: 10.1.18.0
08-Feb-2024 18:37:26.498 INFO [main] org.apache.catalina.startup.VersionLoggerListener.log OS Name:               Mac OS X
08-Feb-2024 18:37:26.498 INFO [main] org.apache.catalina.startup.VersionLoggerListener.log OS Version:            14.2.1
08-Feb-2024 18:37:26.498 INFO [main] org.apache.catalina.startup.VersionLoggerListener.log Architecture:          aarch64
08-Feb-2024 18:37:26.498 INFO [main] org.apache.catalina.startup.VersionLoggerListener.log Java Home:             /Users/sumandey/Library/Java/JavaVirtualMachines/corretto-17.0.10/Contents/Home
08-Feb-2024 18:37:26.498 INFO [main] org.apache.catalina.startup.VersionLoggerListener.log JVM Version:           17.0.10+7-LTS
08-Feb-2024 18:37:26.498 INFO [main] org.apache.catalina.startup.VersionLoggerListener.log JVM Vendor:            Amazon.com Inc.
08-Feb-2024 18:37:26.498 INFO [main] org.apache.catalina.startup.VersionLoggerListener.log CATALINA_BASE:         /Users/sumandey/Documents/servlets/projects/StudentManagement
08-Feb-2024 18:37:26.498 INFO [main] org.apache.catalina.startup.VersionLoggerListener.log CATALINA_HOME:         /Users/sumandey/Documents/servlets/tomcat/apache-tomcat-10.1.18
08-Feb-2024 18:37:26.504 INFO [main] org.apache.catalina.startup.VersionLoggerListener.log Command line argument: --add-opens=java.base/java.lang=ALL-UNNAMED
08-Feb-2024 18:37:26.504 INFO [main] org.apache.catalina.startup.VersionLoggerListener.log Command line argument: --add-opens=java.base/java.io=ALL-UNNAMED
08-Feb-2024 18:37:26.504 INFO [main] org.apache.catalina.startup.VersionLoggerListener.log Command line argument: --add-opens=java.base/java.util=ALL-UNNAMED
08-Feb-2024 18:37:26.504 INFO [main] org.apache.catalina.startup.VersionLoggerListener.log Command line argument: --add-opens=java.base/java.util.concurrent=ALL-UNNAMED
08-Feb-2024 18:37:26.504 INFO [main] org.apache.catalina.startup.VersionLoggerListener.log Command line argument: --add-opens=java.rmi/sun.rmi.transport=ALL-UNNAMED
08-Feb-2024 18:37:26.504 INFO [main] org.apache.catalina.startup.VersionLoggerListener.log Command line argument: -Dcatalina.home=/Users/sumandey/Documents/servlets/tomcat/apache-tomcat-10.1.18
08-Feb-2024 18:37:26.504 INFO [main] org.apache.catalina.startup.VersionLoggerListener.log Command line argument: -Dcatalina.base=/Users/sumandey/Documents/servlets/projects/StudentManagement
08-Feb-2024 18:37:26.504 INFO [main] org.apache.catalina.startup.VersionLoggerListener.log Command line argument: -Djava.io.tmpdir=/Users/sumandey/Documents/servlets/projects/StudentManagement/temp
08-Feb-2024 18:37:26.504 INFO [main] org.apache.catalina.startup.VersionLoggerListener.log Command line argument: -Djava.util.logging.config.file=/Users/sumandey/Documents/servlets/projects/StudentManagement/conf/logging.properties
08-Feb-2024 18:37:26.504 INFO [main] org.apache.catalina.startup.VersionLoggerListener.log Command line argument: -Djava.util.logging.manager=org.apache.juli.ClassLoaderLogManager
08-Feb-2024 18:37:26.504 INFO [main] org.apache.catalina.startup.VersionLoggerListener.log Command line argument: -javaagent:/Applications/IntelliJ IDEA CE.app/Contents/lib/idea_rt.jar=56271:/Applications/IntelliJ IDEA CE.app/Contents/bin
08-Feb-2024 18:37:26.504 INFO [main] org.apache.catalina.startup.VersionLoggerListener.log Command line argument: -Dfile.encoding=UTF-8
08-Feb-2024 18:37:26.509 INFO [main] org.apache.catalina.core.AprLifecycleListener.lifecycleEvent The Apache Tomcat Native library which allows using OpenSSL was not found on the java.library.path: [/Users/sumandey/Library/Java/Extensions:/Library/Java/Extensions:/Network/Library/Java/Extensions:/System/Library/Java/Extensions:/usr/lib/java:.]
08-Feb-2024 18:37:26.686 INFO [main] org.apache.coyote.AbstractProtocol.init Initializing ProtocolHandler ["http-nio-8080"]
08-Feb-2024 18:37:26.701 INFO [main] org.apache.catalina.startup.Catalina.load Server initialization in [301] milliseconds
08-Feb-2024 18:37:26.729 INFO [main] org.apache.catalina.core.StandardService.startInternal Starting service [Catalina]
08-Feb-2024 18:37:26.729 INFO [main] org.apache.catalina.core.StandardEngine.startInternal Starting Servlet engine: [Apache Tomcat/10.1.18]
08-Feb-2024 18:37:26.735 INFO [main] org.apache.catalina.startup.HostConfig.deployDescriptor Deploying deployment descriptor [/Users/sumandey/Documents/servlets/projects/StudentManagement/conf/Catalina/localhost/StudentManagement.xml]
08-Feb-2024 18:37:27.134 INFO [main] org.apache.jasper.servlet.TldScanner.scanJars At least one JAR was scanned for TLDs yet contained no TLDs. Enable debug logging for this logger for a complete list of JARs that were scanned but no TLDs were found in them. Skipping unneeded JARs during scanning can improve startup time and JSP compilation time.
08-Feb-2024 18:37:27.153 INFO [main] org.apache.catalina.startup.HostConfig.deployDescriptor Deployment of deployment descriptor [/Users/sumandey/Documents/servlets/projects/StudentManagement/conf/Catalina/localhost/StudentManagement.xml] has finished in [417] ms
08-Feb-2024 18:37:27.154 INFO [main] org.apache.coyote.AbstractProtocol.start Starting ProtocolHandler ["http-nio-8080"]
08-Feb-2024 18:37:27.159 INFO [main] org.apache.catalina.startup.Catalina.start Server startup in [458] milliseconds
08-Feb-2024 18:54:03.613 INFO [Thread-1] org.apache.coyote.AbstractProtocol.pause Pausing ProtocolHandler ["http-nio-8080"]
08-Feb-2024 18:54:03.617 INFO [Thread-1] org.apache.catalina.core.StandardService.stopInternal Stopping service [Catalina]
08-Feb-2024 18:54:03.655 INFO [Thread-1] org.apache.coyote.AbstractProtocol.stop Stopping ProtocolHandler ["http-nio-8080"]
08-Feb-2024 18:54:03.665 INFO [Thread-1] org.apache.coyote.AbstractProtocol.destroy Destroying ProtocolHandler ["http-nio-8080"]
08-Feb-2024 18:54:07.689 INFO [main] org.apache.catalina.startup.VersionLoggerListener.log Server version name:   Apache Tomcat/10.1.18
08-Feb-2024 18:54:07.692 INFO [main] org.apache.catalina.startup.VersionLoggerListener.log Server built:          Jan 5 2024 14:39:40 UTC
08-Feb-2024 18:54:07.692 INFO [main] org.apache.catalina.startup.VersionLoggerListener.log Server version number: 10.1.18.0
08-Feb-2024 18:54:07.692 INFO [main] org.apache.catalina.startup.VersionLoggerListener.log OS Name:               Mac OS X
08-Feb-2024 18:54:07.692 INFO [main] org.apache.catalina.startup.VersionLoggerListener.log OS Version:            14.2.1
08-Feb-2024 18:54:07.692 INFO [main] org.apache.catalina.startup.VersionLoggerListener.log Architecture:          aarch64
08-Feb-2024 18:54:07.692 INFO [main] org.apache.catalina.startup.VersionLoggerListener.log Java Home:             /Users/sumandey/Library/Java/JavaVirtualMachines/corretto-17.0.10/Contents/Home
08-Feb-2024 18:54:07.692 INFO [main] org.apache.catalina.startup.VersionLoggerListener.log JVM Version:           17.0.10+7-LTS
08-Feb-2024 18:54:07.692 INFO [main] org.apache.catalina.startup.VersionLoggerListener.log JVM Vendor:            Amazon.com Inc.
08-Feb-2024 18:54:07.692 INFO [main] org.apache.catalina.startup.VersionLoggerListener.log CATALINA_BASE:         /Users/sumandey/Documents/servlets/projects/StudentManagement
08-Feb-2024 18:54:07.692 INFO [main] org.apache.catalina.startup.VersionLoggerListener.log CATALINA_HOME:         /Users/sumandey/Documents/servlets/tomcat/apache-tomcat-10.1.18
08-Feb-2024 18:54:07.698 INFO [main] org.apache.catalina.startup.VersionLoggerListener.log Command line argument: --add-opens=java.base/java.lang=ALL-UNNAMED
08-Feb-2024 18:54:07.698 INFO [main] org.apache.catalina.startup.VersionLoggerListener.log Command line argument: --add-opens=java.base/java.io=ALL-UNNAMED
08-Feb-2024 18:54:07.698 INFO [main] org.apache.catalina.startup.VersionLoggerListener.log Command line argument: --add-opens=java.base/java.util=ALL-UNNAMED
08-Feb-2024 18:54:07.698 INFO [main] org.apache.catalina.startup.VersionLoggerListener.log Command line argument: --add-opens=java.base/java.util.concurrent=ALL-UNNAMED
08-Feb-2024 18:54:07.698 INFO [main] org.apache.catalina.startup.VersionLoggerListener.log Command line argument: --add-opens=java.rmi/sun.rmi.transport=ALL-UNNAMED
08-Feb-2024 18:54:07.698 INFO [main] org.apache.catalina.startup.VersionLoggerListener.log Command line argument: -Dcatalina.home=/Users/sumandey/Documents/servlets/tomcat/apache-tomcat-10.1.18
08-Feb-2024 18:54:07.699 INFO [main] org.apache.catalina.startup.VersionLoggerListener.log Command line argument: -Dcatalina.base=/Users/sumandey/Documents/servlets/projects/StudentManagement
08-Feb-2024 18:54:07.699 INFO [main] org.apache.catalina.startup.VersionLoggerListener.log Command line argument: -Djava.io.tmpdir=/Users/sumandey/Documents/servlets/projects/StudentManagement/temp
08-Feb-2024 18:54:07.699 INFO [main] org.apache.catalina.startup.VersionLoggerListener.log Command line argument: -Djava.util.logging.config.file=/Users/sumandey/Documents/servlets/projects/StudentManagement/conf/logging.properties
08-Feb-2024 18:54:07.699 INFO [main] org.apache.catalina.startup.VersionLoggerListener.log Command line argument: -Djava.util.logging.manager=org.apache.juli.ClassLoaderLogManager
08-Feb-2024 18:54:07.699 INFO [main] org.apache.catalina.startup.VersionLoggerListener.log Command line argument: -javaagent:/Applications/IntelliJ IDEA CE.app/Contents/lib/idea_rt.jar=56404:/Applications/IntelliJ IDEA CE.app/Contents/bin
08-Feb-2024 18:54:07.699 INFO [main] org.apache.catalina.startup.VersionLoggerListener.log Command line argument: -Dfile.encoding=UTF-8
08-Feb-2024 18:54:07.708 INFO [main] org.apache.catalina.core.AprLifecycleListener.lifecycleEvent The Apache Tomcat Native library which allows using OpenSSL was not found on the java.library.path: [/Users/sumandey/Library/Java/Extensions:/Library/Java/Extensions:/Network/Library/Java/Extensions:/System/Library/Java/Extensions:/usr/lib/java:.]
08-Feb-2024 18:54:07.890 INFO [main] org.apache.coyote.AbstractProtocol.init Initializing ProtocolHandler ["http-nio-8080"]
08-Feb-2024 18:54:07.908 INFO [main] org.apache.catalina.startup.Catalina.load Server initialization in [326] milliseconds
08-Feb-2024 18:54:07.942 INFO [main] org.apache.catalina.core.StandardService.startInternal Starting service [Catalina]
08-Feb-2024 18:54:07.943 INFO [main] org.apache.catalina.core.StandardEngine.startInternal Starting Servlet engine: [Apache Tomcat/10.1.18]
08-Feb-2024 18:54:07.956 INFO [main] org.apache.catalina.startup.HostConfig.deployDescriptor Deploying deployment descriptor [/Users/sumandey/Documents/servlets/projects/StudentManagement/conf/Catalina/localhost/StudentManagement.xml]
08-Feb-2024 18:54:08.369 INFO [main] org.apache.jasper.servlet.TldScanner.scanJars At least one JAR was scanned for TLDs yet contained no TLDs. Enable debug logging for this logger for a complete list of JARs that were scanned but no TLDs were found in them. Skipping unneeded JARs during scanning can improve startup time and JSP compilation time.
08-Feb-2024 18:54:08.390 INFO [main] org.apache.catalina.startup.HostConfig.deployDescriptor Deployment of deployment descriptor [/Users/sumandey/Documents/servlets/projects/StudentManagement/conf/Catalina/localhost/StudentManagement.xml] has finished in [434] ms
08-Feb-2024 18:54:08.391 INFO [main] org.apache.coyote.AbstractProtocol.start Starting ProtocolHandler ["http-nio-8080"]
08-Feb-2024 18:54:08.396 INFO [main] org.apache.catalina.startup.Catalina.start Server startup in [487] milliseconds
08-Feb-2024 22:49:31.837 INFO [Thread-1] org.apache.coyote.AbstractProtocol.pause Pausing ProtocolHandler ["http-nio-8080"]
08-Feb-2024 22:49:31.840 INFO [Thread-1] org.apache.catalina.core.StandardService.stopInternal Stopping service [Catalina]
08-Feb-2024 22:49:31.854 INFO [Thread-1] org.apache.coyote.AbstractProtocol.stop Stopping ProtocolHandler ["http-nio-8080"]
08-Feb-2024 22:49:31.864 INFO [Thread-1] org.apache.coyote.AbstractProtocol.destroy Destroying ProtocolHandler ["http-nio-8080"]
08-Feb-2024 22:49:48.311 INFO [main] org.apache.catalina.startup.VersionLoggerListener.log Server version name:   Apache Tomcat/10.1.18
08-Feb-2024 22:49:48.313 INFO [main] org.apache.catalina.startup.VersionLoggerListener.log Server built:          Jan 5 2024 14:39:40 UTC
08-Feb-2024 22:49:48.313 INFO [main] org.apache.catalina.startup.VersionLoggerListener.log Server version number: 10.1.18.0
08-Feb-2024 22:49:48.313 INFO [main] org.apache.catalina.startup.VersionLoggerListener.log OS Name:               Mac OS X
08-Feb-2024 22:49:48.314 INFO [main] org.apache.catalina.startup.VersionLoggerListener.log OS Version:            14.2.1
08-Feb-2024 22:49:48.314 INFO [main] org.apache.catalina.startup.VersionLoggerListener.log Architecture:          aarch64
08-Feb-2024 22:49:48.314 INFO [main] org.apache.catalina.startup.VersionLoggerListener.log Java Home:             /Users/sumandey/Library/Java/JavaVirtualMachines/corretto-17.0.10/Contents/Home
08-Feb-2024 22:49:48.314 INFO [main] org.apache.catalina.startup.VersionLoggerListener.log JVM Version:           17.0.10+7-LTS
08-Feb-2024 22:49:48.314 INFO [main] org.apache.catalina.startup.VersionLoggerListener.log JVM Vendor:            Amazon.com Inc.
08-Feb-2024 22:49:48.314 INFO [main] org.apache.catalina.startup.VersionLoggerListener.log CATALINA_BASE:         /Users/sumandey/Documents/servlets/projects/StudentManagement
08-Feb-2024 22:49:48.314 INFO [main] org.apache.catalina.startup.VersionLoggerListener.log CATALINA_HOME:         /Users/sumandey/Documents/servlets/tomcat/apache-tomcat-10.1.18
08-Feb-2024 22:49:48.321 INFO [main] org.apache.catalina.startup.VersionLoggerListener.log Command line argument: --add-opens=java.base/java.lang=ALL-UNNAMED
08-Feb-2024 22:49:48.321 INFO [main] org.apache.catalina.startup.VersionLoggerListener.log Command line argument: --add-opens=java.base/java.io=ALL-UNNAMED
08-Feb-2024 22:49:48.321 INFO [main] org.apache.catalina.startup.VersionLoggerListener.log Command line argument: --add-opens=java.base/java.util=ALL-UNNAMED
08-Feb-2024 22:49:48.321 INFO [main] org.apache.catalina.startup.VersionLoggerListener.log Command line argument: --add-opens=java.base/java.util.concurrent=ALL-UNNAMED
08-Feb-2024 22:49:48.321 INFO [main] org.apache.catalina.startup.VersionLoggerListener.log Command line argument: --add-opens=java.rmi/sun.rmi.transport=ALL-UNNAMED
08-Feb-2024 22:49:48.321 INFO [main] org.apache.catalina.startup.VersionLoggerListener.log Command line argument: -Dcatalina.home=/Users/sumandey/Documents/servlets/tomcat/apache-tomcat-10.1.18
08-Feb-2024 22:49:48.321 INFO [main] org.apache.catalina.startup.VersionLoggerListener.log Command line argument: -Dcatalina.base=/Users/sumandey/Documents/servlets/projects/StudentManagement
08-Feb-2024 22:49:48.321 INFO [main] org.apache.catalina.startup.VersionLoggerListener.log Command line argument: -Djava.io.tmpdir=/Users/sumandey/Documents/servlets/projects/StudentManagement/temp
08-Feb-2024 22:49:48.322 INFO [main] org.apache.catalina.startup.VersionLoggerListener.log Command line argument: -Djava.util.logging.config.file=/Users/sumandey/Documents/servlets/projects/StudentManagement/conf/logging.properties
08-Feb-2024 22:49:48.322 INFO [main] org.apache.catalina.startup.VersionLoggerListener.log Command line argument: -Djava.util.logging.manager=org.apache.juli.ClassLoaderLogManager
08-Feb-2024 22:49:48.322 INFO [main] org.apache.catalina.startup.VersionLoggerListener.log Command line argument: -javaagent:/Applications/IntelliJ IDEA CE.app/Contents/lib/idea_rt.jar=57091:/Applications/IntelliJ IDEA CE.app/Contents/bin
08-Feb-2024 22:49:48.322 INFO [main] org.apache.catalina.startup.VersionLoggerListener.log Command line argument: -Dfile.encoding=UTF-8
08-Feb-2024 22:49:48.326 INFO [main] org.apache.catalina.core.AprLifecycleListener.lifecycleEvent The Apache Tomcat Native library which allows using OpenSSL was not found on the java.library.path: [/Users/sumandey/Library/Java/Extensions:/Library/Java/Extensions:/Network/Library/Java/Extensions:/System/Library/Java/Extensions:/usr/lib/java:.]
08-Feb-2024 22:49:48.475 INFO [main] org.apache.coyote.AbstractProtocol.init Initializing ProtocolHandler ["http-nio-8080"]
08-Feb-2024 22:49:48.488 INFO [main] org.apache.catalina.startup.Catalina.load Server initialization in [290] milliseconds
08-Feb-2024 22:49:48.508 INFO [main] org.apache.catalina.core.StandardService.startInternal Starting service [Catalina]
08-Feb-2024 22:49:48.508 INFO [main] org.apache.catalina.core.StandardEngine.startInternal Starting Servlet engine: [Apache Tomcat/10.1.18]
08-Feb-2024 22:49:48.512 INFO [main] org.apache.catalina.startup.HostConfig.deployDescriptor Deploying deployment descriptor [/Users/sumandey/Documents/servlets/projects/StudentManagement/conf/Catalina/localhost/StudentManagement.xml]
08-Feb-2024 22:49:48.900 INFO [main] org.apache.jasper.servlet.TldScanner.scanJars At least one JAR was scanned for TLDs yet contained no TLDs. Enable debug logging for this logger for a complete list of JARs that were scanned but no TLDs were found in them. Skipping unneeded JARs during scanning can improve startup time and JSP compilation time.
08-Feb-2024 22:49:48.919 INFO [main] org.apache.catalina.startup.HostConfig.deployDescriptor Deployment of deployment descriptor [/Users/sumandey/Documents/servlets/projects/StudentManagement/conf/Catalina/localhost/StudentManagement.xml] has finished in [407] ms
08-Feb-2024 22:49:48.921 INFO [main] org.apache.coyote.AbstractProtocol.start Starting ProtocolHandler ["http-nio-8080"]
08-Feb-2024 22:49:48.925 INFO [main] org.apache.catalina.startup.Catalina.start Server startup in [437] milliseconds
08-Feb-2024 22:54:05.894 INFO [Thread-1] org.apache.coyote.AbstractProtocol.pause Pausing ProtocolHandler ["http-nio-8080"]
08-Feb-2024 22:54:05.896 INFO [Thread-1] org.apache.catalina.core.StandardService.stopInternal Stopping service [Catalina]
08-Feb-2024 22:54:05.907 INFO [Thread-1] org.apache.coyote.AbstractProtocol.stop Stopping ProtocolHandler ["http-nio-8080"]
08-Feb-2024 22:54:05.921 INFO [Thread-1] org.apache.coyote.AbstractProtocol.destroy Destroying ProtocolHandler ["http-nio-8080"]
08-Feb-2024 22:54:08.784 INFO [main] org.apache.catalina.startup.VersionLoggerListener.log Server version name:   Apache Tomcat/10.1.18
08-Feb-2024 22:54:08.791 INFO [main] org.apache.catalina.startup.VersionLoggerListener.log Server built:          Jan 5 2024 14:39:40 UTC
08-Feb-2024 22:54:08.791 INFO [main] org.apache.catalina.startup.VersionLoggerListener.log Server version number: 10.1.18.0
08-Feb-2024 22:54:08.792 INFO [main] org.apache.catalina.startup.VersionLoggerListener.log OS Name:               Mac OS X
08-Feb-2024 22:54:08.792 INFO [main] org.apache.catalina.startup.VersionLoggerListener.log OS Version:            14.2.1
08-Feb-2024 22:54:08.792 INFO [main] org.apache.catalina.startup.VersionLoggerListener.log Architecture:          aarch64
08-Feb-2024 22:54:08.792 INFO [main] org.apache.catalina.startup.VersionLoggerListener.log Java Home:             /Users/sumandey/Library/Java/JavaVirtualMachines/corretto-17.0.10/Contents/Home
08-Feb-2024 22:54:08.792 INFO [main] org.apache.catalina.startup.VersionLoggerListener.log JVM Version:           17.0.10+7-LTS
08-Feb-2024 22:54:08.792 INFO [main] org.apache.catalina.startup.VersionLoggerListener.log JVM Vendor:            Amazon.com Inc.
08-Feb-2024 22:54:08.792 INFO [main] org.apache.catalina.startup.VersionLoggerListener.log CATALINA_BASE:         /Users/sumandey/Documents/servlets/projects/StudentManagement
08-Feb-2024 22:54:08.792 INFO [main] org.apache.catalina.startup.VersionLoggerListener.log CATALINA_HOME:         /Users/sumandey/Documents/servlets/tomcat/apache-tomcat-10.1.18
08-Feb-2024 22:54:08.802 INFO [main] org.apache.catalina.startup.VersionLoggerListener.log Command line argument: --add-opens=java.base/java.lang=ALL-UNNAMED
08-Feb-2024 22:54:08.802 INFO [main] org.apache.catalina.startup.VersionLoggerListener.log Command line argument: --add-opens=java.base/java.io=ALL-UNNAMED
08-Feb-2024 22:54:08.802 INFO [main] org.apache.catalina.startup.VersionLoggerListener.log Command line argument: --add-opens=java.base/java.util=ALL-UNNAMED
08-Feb-2024 22:54:08.802 INFO [main] org.apache.catalina.startup.VersionLoggerListener.log Command line argument: --add-opens=java.base/java.util.concurrent=ALL-UNNAMED
08-Feb-2024 22:54:08.802 INFO [main] org.apache.catalina.startup.VersionLoggerListener.log Command line argument: --add-opens=java.rmi/sun.rmi.transport=ALL-UNNAMED
08-Feb-2024 22:54:08.802 INFO [main] org.apache.catalina.startup.VersionLoggerListener.log Command line argument: -Dcatalina.home=/Users/sumandey/Documents/servlets/tomcat/apache-tomcat-10.1.18
08-Feb-2024 22:54:08.802 INFO [main] org.apache.catalina.startup.VersionLoggerListener.log Command line argument: -Dcatalina.base=/Users/sumandey/Documents/servlets/projects/StudentManagement
08-Feb-2024 22:54:08.803 INFO [main] org.apache.catalina.startup.VersionLoggerListener.log Command line argument: -Djava.io.tmpdir=/Users/sumandey/Documents/servlets/projects/StudentManagement/temp
08-Feb-2024 22:54:08.803 INFO [main] org.apache.catalina.startup.VersionLoggerListener.log Command line argument: -Djava.util.logging.config.file=/Users/sumandey/Documents/servlets/projects/StudentManagement/conf/logging.properties
08-Feb-2024 22:54:08.803 INFO [main] org.apache.catalina.startup.VersionLoggerListener.log Command line argument: -Djava.util.logging.manager=org.apache.juli.ClassLoaderLogManager
08-Feb-2024 22:54:08.803 INFO [main] org.apache.catalina.startup.VersionLoggerListener.log Command line argument: -javaagent:/Applications/IntelliJ IDEA CE.app/Contents/lib/idea_rt.jar=57135:/Applications/IntelliJ IDEA CE.app/Contents/bin
08-Feb-2024 22:54:08.803 INFO [main] org.apache.catalina.startup.VersionLoggerListener.log Command line argument: -Dfile.encoding=UTF-8
08-Feb-2024 22:54:08.814 INFO [main] org.apache.catalina.core.AprLifecycleListener.lifecycleEvent The Apache Tomcat Native library which allows using OpenSSL was not found on the java.library.path: [/Users/sumandey/Library/Java/Extensions:/Library/Java/Extensions:/Network/Library/Java/Extensions:/System/Library/Java/Extensions:/usr/lib/java:.]
08-Feb-2024 22:54:09.044 INFO [main] org.apache.coyote.AbstractProtocol.init Initializing ProtocolHandler ["http-nio-8080"]
08-Feb-2024 22:54:09.069 INFO [main] org.apache.catalina.startup.Catalina.load Server initialization in [534] milliseconds
08-Feb-2024 22:54:09.088 INFO [main] org.apache.catalina.core.StandardService.startInternal Starting service [Catalina]
08-Feb-2024 22:54:09.088 INFO [main] org.apache.catalina.core.StandardEngine.startInternal Starting Servlet engine: [Apache Tomcat/10.1.18]
08-Feb-2024 22:54:09.092 INFO [main] org.apache.catalina.startup.HostConfig.deployDescriptor Deploying deployment descriptor [/Users/sumandey/Documents/servlets/projects/StudentManagement/conf/Catalina/localhost/StudentManagement.xml]
08-Feb-2024 22:54:09.572 INFO [main] org.apache.jasper.servlet.TldScanner.scanJars At least one JAR was scanned for TLDs yet contained no TLDs. Enable debug logging for this logger for a complete list of JARs that were scanned but no TLDs were found in them. Skipping unneeded JARs during scanning can improve startup time and JSP compilation time.
08-Feb-2024 22:54:09.589 INFO [main] org.apache.catalina.startup.HostConfig.deployDescriptor Deployment of deployment descriptor [/Users/sumandey/Documents/servlets/projects/StudentManagement/conf/Catalina/localhost/StudentManagement.xml] has finished in [497] ms
08-Feb-2024 22:54:09.590 INFO [main] org.apache.coyote.AbstractProtocol.start Starting ProtocolHandler ["http-nio-8080"]
08-Feb-2024 22:54:09.595 INFO [main] org.apache.catalina.startup.Catalina.start Server startup in [526] milliseconds
08-Feb-2024 23:57:09.798 INFO [Thread-1] org.apache.coyote.AbstractProtocol.pause Pausing ProtocolHandler ["http-nio-8080"]
08-Feb-2024 23:57:09.806 INFO [Thread-1] org.apache.catalina.core.StandardService.stopInternal Stopping service [Catalina]
08-Feb-2024 23:57:09.847 WARNING [Thread-1] org.apache.catalina.loader.WebappClassLoaderBase.clearReferencesJdbc The web application [StudentManagement] registered the JDBC driver [com.mysql.cj.jdbc.Driver] but failed to unregister it when the web application was stopped. To prevent a memory leak, the JDBC Driver has been forcibly unregistered.
08-Feb-2024 23:57:09.848 WARNING [Thread-1] org.apache.catalina.loader.WebappClassLoaderBase.clearReferencesThreads The web application [StudentManagement] appears to have started a thread named [mysql-cj-abandoned-connection-cleanup] but has failed to stop it. This is very likely to create a memory leak. Stack trace of thread:
 java.base@17.0.10/java.lang.Object.wait(Native Method)
 java.base@17.0.10/java.lang.ref.ReferenceQueue.remove(ReferenceQueue.java:155)
 com.mysql.cj.jdbc.AbandonedConnectionCleanupThread.run(AbandonedConnectionCleanupThread.java:91)
 java.base@17.0.10/java.util.concurrent.ThreadPoolExecutor.runWorker(ThreadPoolExecutor.java:1136)
 java.base@17.0.10/java.util.concurrent.ThreadPoolExecutor$Worker.run(ThreadPoolExecutor.java:635)
 java.base@17.0.10/java.lang.Thread.run(Thread.java:840)
08-Feb-2024 23:57:09.872 INFO [Thread-1] org.apache.coyote.AbstractProtocol.stop Stopping ProtocolHandler ["http-nio-8080"]
08-Feb-2024 23:57:09.881 INFO [Thread-1] org.apache.coyote.AbstractProtocol.destroy Destroying ProtocolHandler ["http-nio-8080"]
08-Feb-2024 23:57:12.427 INFO [main] org.apache.catalina.startup.VersionLoggerListener.log Server version name:   Apache Tomcat/10.1.18
08-Feb-2024 23:57:12.429 INFO [main] org.apache.catalina.startup.VersionLoggerListener.log Server built:          Jan 5 2024 14:39:40 UTC
08-Feb-2024 23:57:12.429 INFO [main] org.apache.catalina.startup.VersionLoggerListener.log Server version number: 10.1.18.0
08-Feb-2024 23:57:12.429 INFO [main] org.apache.catalina.startup.VersionLoggerListener.log OS Name:               Mac OS X
08-Feb-2024 23:57:12.429 INFO [main] org.apache.catalina.startup.VersionLoggerListener.log OS Version:            14.2.1
08-Feb-2024 23:57:12.429 INFO [main] org.apache.catalina.startup.VersionLoggerListener.log Architecture:          aarch64
08-Feb-2024 23:57:12.429 INFO [main] org.apache.catalina.startup.VersionLoggerListener.log Java Home:             /Users/sumandey/Library/Java/JavaVirtualMachines/corretto-17.0.10/Contents/Home
08-Feb-2024 23:57:12.430 INFO [main] org.apache.catalina.startup.VersionLoggerListener.log JVM Version:           17.0.10+7-LTS
08-Feb-2024 23:57:12.430 INFO [main] org.apache.catalina.startup.VersionLoggerListener.log JVM Vendor:            Amazon.com Inc.
08-Feb-2024 23:57:12.430 INFO [main] org.apache.catalina.startup.VersionLoggerListener.log CATALINA_BASE:         /Users/sumandey/Documents/servlets/projects/StudentManagement
08-Feb-2024 23:57:12.430 INFO [main] org.apache.catalina.startup.VersionLoggerListener.log CATALINA_HOME:         /Users/sumandey/Documents/servlets/tomcat/apache-tomcat-10.1.18
08-Feb-2024 23:57:12.437 INFO [main] org.apache.catalina.startup.VersionLoggerListener.log Command line argument: --add-opens=java.base/java.lang=ALL-UNNAMED
08-Feb-2024 23:57:12.437 INFO [main] org.apache.catalina.startup.VersionLoggerListener.log Command line argument: --add-opens=java.base/java.io=ALL-UNNAMED
08-Feb-2024 23:57:12.437 INFO [main] org.apache.catalina.startup.VersionLoggerListener.log Command line argument: --add-opens=java.base/java.util=ALL-UNNAMED
08-Feb-2024 23:57:12.437 INFO [main] org.apache.catalina.startup.VersionLoggerListener.log Command line argument: --add-opens=java.base/java.util.concurrent=ALL-UNNAMED
08-Feb-2024 23:57:12.437 INFO [main] org.apache.catalina.startup.VersionLoggerListener.log Command line argument: --add-opens=java.rmi/sun.rmi.transport=ALL-UNNAMED
08-Feb-2024 23:57:12.437 INFO [main] org.apache.catalina.startup.VersionLoggerListener.log Command line argument: -Dcatalina.home=/Users/sumandey/Documents/servlets/tomcat/apache-tomcat-10.1.18
08-Feb-2024 23:57:12.437 INFO [main] org.apache.catalina.startup.VersionLoggerListener.log Command line argument: -Dcatalina.base=/Users/sumandey/Documents/servlets/projects/StudentManagement
08-Feb-2024 23:57:12.437 INFO [main] org.apache.catalina.startup.VersionLoggerListener.log Command line argument: -Djava.io.tmpdir=/Users/sumandey/Documents/servlets/projects/StudentManagement/temp
08-Feb-2024 23:57:12.437 INFO [main] org.apache.catalina.startup.VersionLoggerListener.log Command line argument: -Djava.util.logging.config.file=/Users/sumandey/Documents/servlets/projects/StudentManagement/conf/logging.properties
08-Feb-2024 23:57:12.437 INFO [main] org.apache.catalina.startup.VersionLoggerListener.log Command line argument: -Djava.util.logging.manager=org.apache.juli.ClassLoaderLogManager
08-Feb-2024 23:57:12.437 INFO [main] org.apache.catalina.startup.VersionLoggerListener.log Command line argument: -javaagent:/Applications/IntelliJ IDEA CE.app/Contents/lib/idea_rt.jar=57676:/Applications/IntelliJ IDEA CE.app/Contents/bin
08-Feb-2024 23:57:12.437 INFO [main] org.apache.catalina.startup.VersionLoggerListener.log Command line argument: -Dfile.encoding=UTF-8
08-Feb-2024 23:57:12.442 INFO [main] org.apache.catalina.core.AprLifecycleListener.lifecycleEvent The Apache Tomcat Native library which allows using OpenSSL was not found on the java.library.path: [/Users/sumandey/Library/Java/Extensions:/Library/Java/Extensions:/Network/Library/Java/Extensions:/System/Library/Java/Extensions:/usr/lib/java:.]
08-Feb-2024 23:57:12.647 INFO [main] org.apache.coyote.AbstractProtocol.init Initializing ProtocolHandler ["http-nio-8080"]
08-Feb-2024 23:57:12.674 INFO [main] org.apache.catalina.startup.Catalina.load Server initialization in [345] milliseconds
08-Feb-2024 23:57:12.705 INFO [main] org.apache.catalina.core.StandardService.startInternal Starting service [Catalina]
08-Feb-2024 23:57:12.705 INFO [main] org.apache.catalina.core.StandardEngine.startInternal Starting Servlet engine: [Apache Tomcat/10.1.18]
08-Feb-2024 23:57:12.712 INFO [main] org.apache.catalina.startup.HostConfig.deployDescriptor Deploying deployment descriptor [/Users/sumandey/Documents/servlets/projects/StudentManagement/conf/Catalina/localhost/StudentManagement.xml]
08-Feb-2024 23:57:13.192 INFO [main] org.apache.jasper.servlet.TldScanner.scanJars At least one JAR was scanned for TLDs yet contained no TLDs. Enable debug logging for this logger for a complete list of JARs that were scanned but no TLDs were found in them. Skipping unneeded JARs during scanning can improve startup time and JSP compilation time.
08-Feb-2024 23:57:13.211 INFO [main] org.apache.catalina.startup.HostConfig.deployDescriptor Deployment of deployment descriptor [/Users/sumandey/Documents/servlets/projects/StudentManagement/conf/Catalina/localhost/StudentManagement.xml] has finished in [499] ms
08-Feb-2024 23:57:13.213 INFO [main] org.apache.coyote.AbstractProtocol.start Starting ProtocolHandler ["http-nio-8080"]
08-Feb-2024 23:57:13.218 INFO [main] org.apache.catalina.startup.Catalina.start Server startup in [544] milliseconds
08-Feb-2024 23:58:03.855 INFO [Thread-1] org.apache.coyote.AbstractProtocol.pause Pausing ProtocolHandler ["http-nio-8080"]
08-Feb-2024 23:58:03.858 INFO [Thread-1] org.apache.catalina.core.StandardService.stopInternal Stopping service [Catalina]
08-Feb-2024 23:58:03.874 INFO [Thread-1] org.apache.coyote.AbstractProtocol.stop Stopping ProtocolHandler ["http-nio-8080"]
08-Feb-2024 23:58:03.881 INFO [Thread-1] org.apache.coyote.AbstractProtocol.destroy Destroying ProtocolHandler ["http-nio-8080"]
08-Feb-2024 23:58:05.694 INFO [main] org.apache.catalina.startup.VersionLoggerListener.log Server version name:   Apache Tomcat/10.1.18
08-Feb-2024 23:58:05.698 INFO [main] org.apache.catalina.startup.VersionLoggerListener.log Server built:          Jan 5 2024 14:39:40 UTC
08-Feb-2024 23:58:05.698 INFO [main] org.apache.catalina.startup.VersionLoggerListener.log Server version number: 10.1.18.0
08-Feb-2024 23:58:05.698 INFO [main] org.apache.catalina.startup.VersionLoggerListener.log OS Name:               Mac OS X
08-Feb-2024 23:58:05.698 INFO [main] org.apache.catalina.startup.VersionLoggerListener.log OS Version:            14.2.1
08-Feb-2024 23:58:05.698 INFO [main] org.apache.catalina.startup.VersionLoggerListener.log Architecture:          aarch64
08-Feb-2024 23:58:05.698 INFO [main] org.apache.catalina.startup.VersionLoggerListener.log Java Home:             /Users/sumandey/Library/Java/JavaVirtualMachines/corretto-17.0.10/Contents/Home
08-Feb-2024 23:58:05.698 INFO [main] org.apache.catalina.startup.VersionLoggerListener.log JVM Version:           17.0.10+7-LTS
08-Feb-2024 23:58:05.698 INFO [main] org.apache.catalina.startup.VersionLoggerListener.log JVM Vendor:            Amazon.com Inc.
08-Feb-2024 23:58:05.698 INFO [main] org.apache.catalina.startup.VersionLoggerListener.log CATALINA_BASE:         /Users/sumandey/Documents/servlets/projects/StudentManagement
08-Feb-2024 23:58:05.698 INFO [main] org.apache.catalina.startup.VersionLoggerListener.log CATALINA_HOME:         /Users/sumandey/Documents/servlets/tomcat/apache-tomcat-10.1.18
08-Feb-2024 23:58:05.704 INFO [main] org.apache.catalina.startup.VersionLoggerListener.log Command line argument: --add-opens=java.base/java.lang=ALL-UNNAMED
08-Feb-2024 23:58:05.704 INFO [main] org.apache.catalina.startup.VersionLoggerListener.log Command line argument: --add-opens=java.base/java.io=ALL-UNNAMED
08-Feb-2024 23:58:05.704 INFO [main] org.apache.catalina.startup.VersionLoggerListener.log Command line argument: --add-opens=java.base/java.util=ALL-UNNAMED
08-Feb-2024 23:58:05.704 INFO [main] org.apache.catalina.startup.VersionLoggerListener.log Command line argument: --add-opens=java.base/java.util.concurrent=ALL-UNNAMED
08-Feb-2024 23:58:05.704 INFO [main] org.apache.catalina.startup.VersionLoggerListener.log Command line argument: --add-opens=java.rmi/sun.rmi.transport=ALL-UNNAMED
08-Feb-2024 23:58:05.704 INFO [main] org.apache.catalina.startup.VersionLoggerListener.log Command line argument: -Dcatalina.home=/Users/sumandey/Documents/servlets/tomcat/apache-tomcat-10.1.18
08-Feb-2024 23:58:05.704 INFO [main] org.apache.catalina.startup.VersionLoggerListener.log Command line argument: -Dcatalina.base=/Users/sumandey/Documents/servlets/projects/StudentManagement
08-Feb-2024 23:58:05.704 INFO [main] org.apache.catalina.startup.VersionLoggerListener.log Command line argument: -Djava.io.tmpdir=/Users/sumandey/Documents/servlets/projects/StudentManagement/temp
08-Feb-2024 23:58:05.704 INFO [main] org.apache.catalina.startup.VersionLoggerListener.log Command line argument: -Djava.util.logging.config.file=/Users/sumandey/Documents/servlets/projects/StudentManagement/conf/logging.properties
08-Feb-2024 23:58:05.704 INFO [main] org.apache.catalina.startup.VersionLoggerListener.log Command line argument: -Djava.util.logging.manager=org.apache.juli.ClassLoaderLogManager
08-Feb-2024 23:58:05.704 INFO [main] org.apache.catalina.startup.VersionLoggerListener.log Command line argument: -javaagent:/Applications/IntelliJ IDEA CE.app/Contents/lib/idea_rt.jar=57693:/Applications/IntelliJ IDEA CE.app/Contents/bin
08-Feb-2024 23:58:05.704 INFO [main] org.apache.catalina.startup.VersionLoggerListener.log Command line argument: -Dfile.encoding=UTF-8
08-Feb-2024 23:58:05.710 INFO [main] org.apache.catalina.core.AprLifecycleListener.lifecycleEvent The Apache Tomcat Native library which allows using OpenSSL was not found on the java.library.path: [/Users/sumandey/Library/Java/Extensions:/Library/Java/Extensions:/Network/Library/Java/Extensions:/System/Library/Java/Extensions:/usr/lib/java:.]
08-Feb-2024 23:58:05.887 INFO [main] org.apache.coyote.AbstractProtocol.init Initializing ProtocolHandler ["http-nio-8080"]
08-Feb-2024 23:58:05.948 INFO [main] org.apache.catalina.startup.Catalina.load Server initialization in [355] milliseconds
08-Feb-2024 23:58:05.999 INFO [main] org.apache.catalina.core.StandardService.startInternal Starting service [Catalina]
08-Feb-2024 23:58:05.999 INFO [main] org.apache.catalina.core.StandardEngine.startInternal Starting Servlet engine: [Apache Tomcat/10.1.18]
08-Feb-2024 23:58:06.007 INFO [main] org.apache.catalina.startup.HostConfig.deployDescriptor Deploying deployment descriptor [/Users/sumandey/Documents/servlets/projects/StudentManagement/conf/Catalina/localhost/StudentManagement.xml]
08-Feb-2024 23:58:06.456 INFO [main] org.apache.jasper.servlet.TldScanner.scanJars At least one JAR was scanned for TLDs yet contained no TLDs. Enable debug logging for this logger for a complete list of JARs that were scanned but no TLDs were found in them. Skipping unneeded JARs during scanning can improve startup time and JSP compilation time.
08-Feb-2024 23:58:06.474 INFO [main] org.apache.catalina.startup.HostConfig.deployDescriptor Deployment of deployment descriptor [/Users/sumandey/Documents/servlets/projects/StudentManagement/conf/Catalina/localhost/StudentManagement.xml] has finished in [468] ms
08-Feb-2024 23:58:06.475 INFO [main] org.apache.coyote.AbstractProtocol.start Starting ProtocolHandler ["http-nio-8080"]
08-Feb-2024 23:58:06.481 INFO [main] org.apache.catalina.startup.Catalina.start Server startup in [532] milliseconds
