11-Feb-2024 21:43:35.472 INFO [Thread-1] org.apache.coyote.AbstractProtocol.pause Pausing ProtocolHandler ["http-nio-8080"]
11-Feb-2024 21:43:35.486 INFO [Thread-1] org.apache.catalina.core.StandardService.stopInternal Stopping service [Catalina]
11-Feb-2024 21:43:35.526 WARNING [Thread-1] org.apache.catalina.loader.WebappClassLoaderBase.clearReferencesJdbc The web application [StudentManagement] registered the JDBC driver [com.mysql.cj.jdbc.Driver] but failed to unregister it when the web application was stopped. To prevent a memory leak, the JDBC Driver has been forcibly unregistered.
11-Feb-2024 21:43:35.529 WARNING [Thread-1] org.apache.catalina.loader.WebappClassLoaderBase.clearReferencesThreads The web application [StudentManagement] appears to have started a thread named [mysql-cj-abandoned-connection-cleanup] but has failed to stop it. This is very likely to create a memory leak. Stack trace of thread:
 java.base@17.0.10/java.lang.Object.wait(Native Method)
 java.base@17.0.10/java.lang.ref.ReferenceQueue.remove(ReferenceQueue.java:155)
 com.mysql.cj.jdbc.AbandonedConnectionCleanupThread.run(AbandonedConnectionCleanupThread.java:91)
 java.base@17.0.10/java.util.concurrent.ThreadPoolExecutor.runWorker(ThreadPoolExecutor.java:1136)
 java.base@17.0.10/java.util.concurrent.ThreadPoolExecutor$Worker.run(ThreadPoolExecutor.java:635)
 java.base@17.0.10/java.lang.Thread.run(Thread.java:840)
11-Feb-2024 21:43:35.552 INFO [Thread-1] org.apache.coyote.AbstractProtocol.stop Stopping ProtocolHandler ["http-nio-8080"]
11-Feb-2024 21:43:35.565 INFO [Thread-1] org.apache.coyote.AbstractProtocol.destroy Destroying ProtocolHandler ["http-nio-8080"]
11-Feb-2024 23:55:11.429 INFO [main] org.apache.catalina.startup.VersionLoggerListener.log Server version name:   Apache Tomcat/10.1.18
11-Feb-2024 23:55:11.433 INFO [main] org.apache.catalina.startup.VersionLoggerListener.log Server built:          Jan 5 2024 14:39:40 UTC
11-Feb-2024 23:55:11.433 INFO [main] org.apache.catalina.startup.VersionLoggerListener.log Server version number: 10.1.18.0
11-Feb-2024 23:55:11.433 INFO [main] org.apache.catalina.startup.VersionLoggerListener.log OS Name:               Mac OS X
11-Feb-2024 23:55:11.433 INFO [main] org.apache.catalina.startup.VersionLoggerListener.log OS Version:            14.2.1
11-Feb-2024 23:55:11.433 INFO [main] org.apache.catalina.startup.VersionLoggerListener.log Architecture:          aarch64
11-Feb-2024 23:55:11.433 INFO [main] org.apache.catalina.startup.VersionLoggerListener.log Java Home:             /Users/sumandey/Library/Java/JavaVirtualMachines/corretto-17.0.10/Contents/Home
11-Feb-2024 23:55:11.433 INFO [main] org.apache.catalina.startup.VersionLoggerListener.log JVM Version:           17.0.10+7-LTS
11-Feb-2024 23:55:11.433 INFO [main] org.apache.catalina.startup.VersionLoggerListener.log JVM Vendor:            Amazon.com Inc.
11-Feb-2024 23:55:11.434 INFO [main] org.apache.catalina.startup.VersionLoggerListener.log CATALINA_BASE:         /Users/sumandey/Documents/servlets/projects/StudentManagement
11-Feb-2024 23:55:11.434 INFO [main] org.apache.catalina.startup.VersionLoggerListener.log CATALINA_HOME:         /Users/sumandey/Documents/servlets/tomcat/apache-tomcat-10.1.18
11-Feb-2024 23:55:11.440 INFO [main] org.apache.catalina.startup.VersionLoggerListener.log Command line argument: --add-opens=java.base/java.lang=ALL-UNNAMED
11-Feb-2024 23:55:11.440 INFO [main] org.apache.catalina.startup.VersionLoggerListener.log Command line argument: --add-opens=java.base/java.io=ALL-UNNAMED
11-Feb-2024 23:55:11.440 INFO [main] org.apache.catalina.startup.VersionLoggerListener.log Command line argument: --add-opens=java.base/java.util=ALL-UNNAMED
11-Feb-2024 23:55:11.441 INFO [main] org.apache.catalina.startup.VersionLoggerListener.log Command line argument: --add-opens=java.base/java.util.concurrent=ALL-UNNAMED
11-Feb-2024 23:55:11.441 INFO [main] org.apache.catalina.startup.VersionLoggerListener.log Command line argument: --add-opens=java.rmi/sun.rmi.transport=ALL-UNNAMED
11-Feb-2024 23:55:11.441 INFO [main] org.apache.catalina.startup.VersionLoggerListener.log Command line argument: -Dcatalina.home=/Users/sumandey/Documents/servlets/tomcat/apache-tomcat-10.1.18
11-Feb-2024 23:55:11.441 INFO [main] org.apache.catalina.startup.VersionLoggerListener.log Command line argument: -Dcatalina.base=/Users/sumandey/Documents/servlets/projects/StudentManagement
11-Feb-2024 23:55:11.441 INFO [main] org.apache.catalina.startup.VersionLoggerListener.log Command line argument: -Djava.io.tmpdir=/Users/sumandey/Documents/servlets/projects/StudentManagement/temp
11-Feb-2024 23:55:11.441 INFO [main] org.apache.catalina.startup.VersionLoggerListener.log Command line argument: -Djava.util.logging.config.file=/Users/sumandey/Documents/servlets/projects/StudentManagement/conf/logging.properties
11-Feb-2024 23:55:11.441 INFO [main] org.apache.catalina.startup.VersionLoggerListener.log Command line argument: -Djava.util.logging.manager=org.apache.juli.ClassLoaderLogManager
11-Feb-2024 23:55:11.441 INFO [main] org.apache.catalina.startup.VersionLoggerListener.log Command line argument: -javaagent:/Applications/IntelliJ IDEA CE.app/Contents/lib/idea_rt.jar=56790:/Applications/IntelliJ IDEA CE.app/Contents/bin
11-Feb-2024 23:55:11.441 INFO [main] org.apache.catalina.startup.VersionLoggerListener.log Command line argument: -Dfile.encoding=UTF-8
11-Feb-2024 23:55:11.452 INFO [main] org.apache.catalina.core.AprLifecycleListener.lifecycleEvent The Apache Tomcat Native library which allows using OpenSSL was not found on the java.library.path: [/Users/sumandey/Library/Java/Extensions:/Library/Java/Extensions:/Network/Library/Java/Extensions:/System/Library/Java/Extensions:/usr/lib/java:.]
11-Feb-2024 23:55:11.608 INFO [main] org.apache.coyote.AbstractProtocol.init Initializing ProtocolHandler ["http-nio-8080"]
11-Feb-2024 23:55:11.622 INFO [main] org.apache.catalina.startup.Catalina.load Server initialization in [295] milliseconds
11-Feb-2024 23:55:11.642 INFO [main] org.apache.catalina.core.StandardService.startInternal Starting service [Catalina]
11-Feb-2024 23:55:11.642 INFO [main] org.apache.catalina.core.StandardEngine.startInternal Starting Servlet engine: [Apache Tomcat/10.1.18]
11-Feb-2024 23:55:11.647 INFO [main] org.apache.catalina.startup.HostConfig.deployDescriptor Deploying deployment descriptor [/Users/sumandey/Documents/servlets/projects/StudentManagement/conf/Catalina/localhost/StudentManagement.xml]
11-Feb-2024 23:55:12.076 INFO [main] org.apache.jasper.servlet.TldScanner.scanJars At least one JAR was scanned for TLDs yet contained no TLDs. Enable debug logging for this logger for a complete list of JARs that were scanned but no TLDs were found in them. Skipping unneeded JARs during scanning can improve startup time and JSP compilation time.
11-Feb-2024 23:55:12.094 INFO [main] org.apache.catalina.startup.HostConfig.deployDescriptor Deployment of deployment descriptor [/Users/sumandey/Documents/servlets/projects/StudentManagement/conf/Catalina/localhost/StudentManagement.xml] has finished in [447] ms
11-Feb-2024 23:55:12.096 INFO [main] org.apache.coyote.AbstractProtocol.start Starting ProtocolHandler ["http-nio-8080"]
11-Feb-2024 23:55:12.101 INFO [main] org.apache.catalina.startup.Catalina.start Server startup in [478] milliseconds
11-Feb-2024 23:56:14.727 INFO [Thread-1] org.apache.coyote.AbstractProtocol.pause Pausing ProtocolHandler ["http-nio-8080"]
11-Feb-2024 23:56:14.729 INFO [Thread-1] org.apache.catalina.core.StandardService.stopInternal Stopping service [Catalina]
11-Feb-2024 23:56:14.738 WARNING [Thread-1] org.apache.catalina.loader.WebappClassLoaderBase.clearReferencesJdbc The web application [StudentManagement] registered the JDBC driver [com.mysql.cj.jdbc.Driver] but failed to unregister it when the web application was stopped. To prevent a memory leak, the JDBC Driver has been forcibly unregistered.
11-Feb-2024 23:56:14.739 WARNING [Thread-1] org.apache.catalina.loader.WebappClassLoaderBase.clearReferencesThreads The web application [StudentManagement] appears to have started a thread named [mysql-cj-abandoned-connection-cleanup] but has failed to stop it. This is very likely to create a memory leak. Stack trace of thread:
 java.base@17.0.10/java.lang.Object.wait(Native Method)
 java.base@17.0.10/java.lang.ref.ReferenceQueue.remove(ReferenceQueue.java:155)
 com.mysql.cj.jdbc.AbandonedConnectionCleanupThread.run(AbandonedConnectionCleanupThread.java:91)
 java.base@17.0.10/java.util.concurrent.ThreadPoolExecutor.runWorker(ThreadPoolExecutor.java:1136)
 java.base@17.0.10/java.util.concurrent.ThreadPoolExecutor$Worker.run(ThreadPoolExecutor.java:635)
 java.base@17.0.10/java.lang.Thread.run(Thread.java:840)
11-Feb-2024 23:56:14.753 INFO [Thread-1] org.apache.coyote.AbstractProtocol.stop Stopping ProtocolHandler ["http-nio-8080"]
11-Feb-2024 23:56:14.766 INFO [Thread-1] org.apache.coyote.AbstractProtocol.destroy Destroying ProtocolHandler ["http-nio-8080"]
11-Feb-2024 23:56:16.779 INFO [main] org.apache.catalina.startup.VersionLoggerListener.log Server version name:   Apache Tomcat/10.1.18
11-Feb-2024 23:56:16.781 INFO [main] org.apache.catalina.startup.VersionLoggerListener.log Server built:          Jan 5 2024 14:39:40 UTC
11-Feb-2024 23:56:16.781 INFO [main] org.apache.catalina.startup.VersionLoggerListener.log Server version number: 10.1.18.0
11-Feb-2024 23:56:16.781 INFO [main] org.apache.catalina.startup.VersionLoggerListener.log OS Name:               Mac OS X
11-Feb-2024 23:56:16.781 INFO [main] org.apache.catalina.startup.VersionLoggerListener.log OS Version:            14.2.1
11-Feb-2024 23:56:16.781 INFO [main] org.apache.catalina.startup.VersionLoggerListener.log Architecture:          aarch64
11-Feb-2024 23:56:16.782 INFO [main] org.apache.catalina.startup.VersionLoggerListener.log Java Home:             /Users/sumandey/Library/Java/JavaVirtualMachines/corretto-17.0.10/Contents/Home
11-Feb-2024 23:56:16.782 INFO [main] org.apache.catalina.startup.VersionLoggerListener.log JVM Version:           17.0.10+7-LTS
11-Feb-2024 23:56:16.782 INFO [main] org.apache.catalina.startup.VersionLoggerListener.log JVM Vendor:            Amazon.com Inc.
11-Feb-2024 23:56:16.782 INFO [main] org.apache.catalina.startup.VersionLoggerListener.log CATALINA_BASE:         /Users/sumandey/Documents/servlets/projects/StudentManagement
11-Feb-2024 23:56:16.782 INFO [main] org.apache.catalina.startup.VersionLoggerListener.log CATALINA_HOME:         /Users/sumandey/Documents/servlets/tomcat/apache-tomcat-10.1.18
11-Feb-2024 23:56:16.787 INFO [main] org.apache.catalina.startup.VersionLoggerListener.log Command line argument: --add-opens=java.base/java.lang=ALL-UNNAMED
11-Feb-2024 23:56:16.787 INFO [main] org.apache.catalina.startup.VersionLoggerListener.log Command line argument: --add-opens=java.base/java.io=ALL-UNNAMED
11-Feb-2024 23:56:16.787 INFO [main] org.apache.catalina.startup.VersionLoggerListener.log Command line argument: --add-opens=java.base/java.util=ALL-UNNAMED
11-Feb-2024 23:56:16.787 INFO [main] org.apache.catalina.startup.VersionLoggerListener.log Command line argument: --add-opens=java.base/java.util.concurrent=ALL-UNNAMED
11-Feb-2024 23:56:16.787 INFO [main] org.apache.catalina.startup.VersionLoggerListener.log Command line argument: --add-opens=java.rmi/sun.rmi.transport=ALL-UNNAMED
11-Feb-2024 23:56:16.787 INFO [main] org.apache.catalina.startup.VersionLoggerListener.log Command line argument: -Dcatalina.home=/Users/sumandey/Documents/servlets/tomcat/apache-tomcat-10.1.18
11-Feb-2024 23:56:16.787 INFO [main] org.apache.catalina.startup.VersionLoggerListener.log Command line argument: -Dcatalina.base=/Users/sumandey/Documents/servlets/projects/StudentManagement
11-Feb-2024 23:56:16.787 INFO [main] org.apache.catalina.startup.VersionLoggerListener.log Command line argument: -Djava.io.tmpdir=/Users/sumandey/Documents/servlets/projects/StudentManagement/temp
11-Feb-2024 23:56:16.788 INFO [main] org.apache.catalina.startup.VersionLoggerListener.log Command line argument: -Djava.util.logging.config.file=/Users/sumandey/Documents/servlets/projects/StudentManagement/conf/logging.properties
11-Feb-2024 23:56:16.788 INFO [main] org.apache.catalina.startup.VersionLoggerListener.log Command line argument: -Djava.util.logging.manager=org.apache.juli.ClassLoaderLogManager
11-Feb-2024 23:56:16.788 INFO [main] org.apache.catalina.startup.VersionLoggerListener.log Command line argument: -javaagent:/Applications/IntelliJ IDEA CE.app/Contents/lib/idea_rt.jar=56823:/Applications/IntelliJ IDEA CE.app/Contents/bin
11-Feb-2024 23:56:16.788 INFO [main] org.apache.catalina.startup.VersionLoggerListener.log Command line argument: -Dfile.encoding=UTF-8
11-Feb-2024 23:56:16.792 INFO [main] org.apache.catalina.core.AprLifecycleListener.lifecycleEvent The Apache Tomcat Native library which allows using OpenSSL was not found on the java.library.path: [/Users/sumandey/Library/Java/Extensions:/Library/Java/Extensions:/Network/Library/Java/Extensions:/System/Library/Java/Extensions:/usr/lib/java:.]
11-Feb-2024 23:56:16.942 INFO [main] org.apache.coyote.AbstractProtocol.init Initializing ProtocolHandler ["http-nio-8080"]
11-Feb-2024 23:56:16.985 INFO [main] org.apache.catalina.startup.Catalina.load Server initialization in [296] milliseconds
11-Feb-2024 23:56:17.010 INFO [main] org.apache.catalina.core.StandardService.startInternal Starting service [Catalina]
11-Feb-2024 23:56:17.010 INFO [main] org.apache.catalina.core.StandardEngine.startInternal Starting Servlet engine: [Apache Tomcat/10.1.18]
11-Feb-2024 23:56:17.015 INFO [main] org.apache.catalina.startup.HostConfig.deployDescriptor Deploying deployment descriptor [/Users/sumandey/Documents/servlets/projects/StudentManagement/conf/Catalina/localhost/StudentManagement.xml]
11-Feb-2024 23:56:17.411 INFO [main] org.apache.jasper.servlet.TldScanner.scanJars At least one JAR was scanned for TLDs yet contained no TLDs. Enable debug logging for this logger for a complete list of JARs that were scanned but no TLDs were found in them. Skipping unneeded JARs during scanning can improve startup time and JSP compilation time.
11-Feb-2024 23:56:17.428 INFO [main] org.apache.catalina.startup.HostConfig.deployDescriptor Deployment of deployment descriptor [/Users/sumandey/Documents/servlets/projects/StudentManagement/conf/Catalina/localhost/StudentManagement.xml] has finished in [412] ms
11-Feb-2024 23:56:17.429 INFO [main] org.apache.coyote.AbstractProtocol.start Starting ProtocolHandler ["http-nio-8080"]
11-Feb-2024 23:56:17.433 INFO [main] org.apache.catalina.startup.Catalina.start Server startup in [448] milliseconds
11-Feb-2024 23:58:58.584 INFO [Thread-1] org.apache.coyote.AbstractProtocol.pause Pausing ProtocolHandler ["http-nio-8080"]
11-Feb-2024 23:58:58.587 INFO [Thread-1] org.apache.catalina.core.StandardService.stopInternal Stopping service [Catalina]
11-Feb-2024 23:58:58.594 WARNING [Thread-1] org.apache.catalina.loader.WebappClassLoaderBase.clearReferencesJdbc The web application [StudentManagement] registered the JDBC driver [com.mysql.cj.jdbc.Driver] but failed to unregister it when the web application was stopped. To prevent a memory leak, the JDBC Driver has been forcibly unregistered.
11-Feb-2024 23:58:58.595 WARNING [Thread-1] org.apache.catalina.loader.WebappClassLoaderBase.clearReferencesThreads The web application [StudentManagement] appears to have started a thread named [mysql-cj-abandoned-connection-cleanup] but has failed to stop it. This is very likely to create a memory leak. Stack trace of thread:
 java.base@17.0.10/java.lang.Object.wait(Native Method)
 java.base@17.0.10/java.lang.ref.ReferenceQueue.remove(ReferenceQueue.java:155)
 com.mysql.cj.jdbc.AbandonedConnectionCleanupThread.run(AbandonedConnectionCleanupThread.java:91)
 java.base@17.0.10/java.util.concurrent.ThreadPoolExecutor.runWorker(ThreadPoolExecutor.java:1136)
 java.base@17.0.10/java.util.concurrent.ThreadPoolExecutor$Worker.run(ThreadPoolExecutor.java:635)
 java.base@17.0.10/java.lang.Thread.run(Thread.java:840)
11-Feb-2024 23:58:58.599 INFO [Thread-1] org.apache.coyote.AbstractProtocol.stop Stopping ProtocolHandler ["http-nio-8080"]
11-Feb-2024 23:58:58.610 INFO [Thread-1] org.apache.coyote.AbstractProtocol.destroy Destroying ProtocolHandler ["http-nio-8080"]
11-Feb-2024 23:59:00.174 INFO [main] org.apache.catalina.startup.VersionLoggerListener.log Server version name:   Apache Tomcat/10.1.18
11-Feb-2024 23:59:00.176 INFO [main] org.apache.catalina.startup.VersionLoggerListener.log Server built:          Jan 5 2024 14:39:40 UTC
11-Feb-2024 23:59:00.176 INFO [main] org.apache.catalina.startup.VersionLoggerListener.log Server version number: 10.1.18.0
11-Feb-2024 23:59:00.176 INFO [main] org.apache.catalina.startup.VersionLoggerListener.log OS Name:               Mac OS X
11-Feb-2024 23:59:00.177 INFO [main] org.apache.catalina.startup.VersionLoggerListener.log OS Version:            14.2.1
11-Feb-2024 23:59:00.177 INFO [main] org.apache.catalina.startup.VersionLoggerListener.log Architecture:          aarch64
11-Feb-2024 23:59:00.177 INFO [main] org.apache.catalina.startup.VersionLoggerListener.log Java Home:             /Users/sumandey/Library/Java/JavaVirtualMachines/corretto-17.0.10/Contents/Home
11-Feb-2024 23:59:00.177 INFO [main] org.apache.catalina.startup.VersionLoggerListener.log JVM Version:           17.0.10+7-LTS
11-Feb-2024 23:59:00.177 INFO [main] org.apache.catalina.startup.VersionLoggerListener.log JVM Vendor:            Amazon.com Inc.
11-Feb-2024 23:59:00.177 INFO [main] org.apache.catalina.startup.VersionLoggerListener.log CATALINA_BASE:         /Users/sumandey/Documents/servlets/projects/StudentManagement
11-Feb-2024 23:59:00.177 INFO [main] org.apache.catalina.startup.VersionLoggerListener.log CATALINA_HOME:         /Users/sumandey/Documents/servlets/tomcat/apache-tomcat-10.1.18
11-Feb-2024 23:59:00.185 INFO [main] org.apache.catalina.startup.VersionLoggerListener.log Command line argument: --add-opens=java.base/java.lang=ALL-UNNAMED
11-Feb-2024 23:59:00.185 INFO [main] org.apache.catalina.startup.VersionLoggerListener.log Command line argument: --add-opens=java.base/java.io=ALL-UNNAMED
11-Feb-2024 23:59:00.185 INFO [main] org.apache.catalina.startup.VersionLoggerListener.log Command line argument: --add-opens=java.base/java.util=ALL-UNNAMED
11-Feb-2024 23:59:00.185 INFO [main] org.apache.catalina.startup.VersionLoggerListener.log Command line argument: --add-opens=java.base/java.util.concurrent=ALL-UNNAMED
11-Feb-2024 23:59:00.185 INFO [main] org.apache.catalina.startup.VersionLoggerListener.log Command line argument: --add-opens=java.rmi/sun.rmi.transport=ALL-UNNAMED
11-Feb-2024 23:59:00.185 INFO [main] org.apache.catalina.startup.VersionLoggerListener.log Command line argument: -Dcatalina.home=/Users/sumandey/Documents/servlets/tomcat/apache-tomcat-10.1.18
11-Feb-2024 23:59:00.185 INFO [main] org.apache.catalina.startup.VersionLoggerListener.log Command line argument: -Dcatalina.base=/Users/sumandey/Documents/servlets/projects/StudentManagement
11-Feb-2024 23:59:00.185 INFO [main] org.apache.catalina.startup.VersionLoggerListener.log Command line argument: -Djava.io.tmpdir=/Users/sumandey/Documents/servlets/projects/StudentManagement/temp
11-Feb-2024 23:59:00.186 INFO [main] org.apache.catalina.startup.VersionLoggerListener.log Command line argument: -Djava.util.logging.config.file=/Users/sumandey/Documents/servlets/projects/StudentManagement/conf/logging.properties
11-Feb-2024 23:59:00.186 INFO [main] org.apache.catalina.startup.VersionLoggerListener.log Command line argument: -Djava.util.logging.manager=org.apache.juli.ClassLoaderLogManager
11-Feb-2024 23:59:00.186 INFO [main] org.apache.catalina.startup.VersionLoggerListener.log Command line argument: -javaagent:/Applications/IntelliJ IDEA CE.app/Contents/lib/idea_rt.jar=56867:/Applications/IntelliJ IDEA CE.app/Contents/bin
11-Feb-2024 23:59:00.186 INFO [main] org.apache.catalina.startup.VersionLoggerListener.log Command line argument: -Dfile.encoding=UTF-8
11-Feb-2024 23:59:00.190 INFO [main] org.apache.catalina.core.AprLifecycleListener.lifecycleEvent The Apache Tomcat Native library which allows using OpenSSL was not found on the java.library.path: [/Users/sumandey/Library/Java/Extensions:/Library/Java/Extensions:/Network/Library/Java/Extensions:/System/Library/Java/Extensions:/usr/lib/java:.]
11-Feb-2024 23:59:00.348 INFO [main] org.apache.coyote.AbstractProtocol.init Initializing ProtocolHandler ["http-nio-8080"]
11-Feb-2024 23:59:00.360 INFO [main] org.apache.catalina.startup.Catalina.load Server initialization in [266] milliseconds
11-Feb-2024 23:59:00.377 INFO [main] org.apache.catalina.core.StandardService.startInternal Starting service [Catalina]
11-Feb-2024 23:59:00.377 INFO [main] org.apache.catalina.core.StandardEngine.startInternal Starting Servlet engine: [Apache Tomcat/10.1.18]
11-Feb-2024 23:59:00.381 INFO [main] org.apache.catalina.startup.HostConfig.deployDescriptor Deploying deployment descriptor [/Users/sumandey/Documents/servlets/projects/StudentManagement/conf/Catalina/localhost/StudentManagement.xml]
11-Feb-2024 23:59:00.796 INFO [main] org.apache.jasper.servlet.TldScanner.scanJars At least one JAR was scanned for TLDs yet contained no TLDs. Enable debug logging for this logger for a complete list of JARs that were scanned but no TLDs were found in them. Skipping unneeded JARs during scanning can improve startup time and JSP compilation time.
11-Feb-2024 23:59:00.817 INFO [main] org.apache.catalina.startup.HostConfig.deployDescriptor Deployment of deployment descriptor [/Users/sumandey/Documents/servlets/projects/StudentManagement/conf/Catalina/localhost/StudentManagement.xml] has finished in [435] ms
11-Feb-2024 23:59:00.818 INFO [main] org.apache.coyote.AbstractProtocol.start Starting ProtocolHandler ["http-nio-8080"]
11-Feb-2024 23:59:00.824 INFO [main] org.apache.catalina.startup.Catalina.start Server startup in [463] milliseconds
