25-Jan-2024 00:31:33.892 INFO [Thread-1] org.apache.coyote.AbstractProtocol.pause Pausing ProtocolHandler ["http-nio-8080"]
25-Jan-2024 00:31:33.916 INFO [Thread-1] org.apache.catalina.core.StandardService.stopInternal Stopping service [Catalina]
25-Jan-2024 00:31:33.932 INFO [Thread-1] org.apache.coyote.AbstractProtocol.stop Stopping ProtocolHandler ["http-nio-8080"]
25-Jan-2024 00:31:33.943 INFO [Thread-1] org.apache.coyote.AbstractProtocol.destroy Destroying ProtocolHandler ["http-nio-8080"]
25-Jan-2024 08:15:17.394 INFO [main] org.apache.catalina.startup.VersionLoggerListener.log Server version name:   Apache Tomcat/10.1.18
25-Jan-2024 08:15:17.397 INFO [main] org.apache.catalina.startup.VersionLoggerListener.log Server built:          Jan 5 2024 14:39:40 UTC
25-Jan-2024 08:15:17.397 INFO [main] org.apache.catalina.startup.VersionLoggerListener.log Server version number: 10.1.18.0
25-Jan-2024 08:15:17.397 INFO [main] org.apache.catalina.startup.VersionLoggerListener.log OS Name:               Mac OS X
25-Jan-2024 08:15:17.397 INFO [main] org.apache.catalina.startup.VersionLoggerListener.log OS Version:            14.2.1
25-Jan-2024 08:15:17.397 INFO [main] org.apache.catalina.startup.VersionLoggerListener.log Architecture:          aarch64
25-Jan-2024 08:15:17.397 INFO [main] org.apache.catalina.startup.VersionLoggerListener.log Java Home:             /Users/sumandey/Library/Java/JavaVirtualMachines/corretto-17.0.10/Contents/Home
25-Jan-2024 08:15:17.397 INFO [main] org.apache.catalina.startup.VersionLoggerListener.log JVM Version:           17.0.10+7-LTS
25-Jan-2024 08:15:17.397 INFO [main] org.apache.catalina.startup.VersionLoggerListener.log JVM Vendor:            Amazon.com Inc.
25-Jan-2024 08:15:17.397 INFO [main] org.apache.catalina.startup.VersionLoggerListener.log CATALINA_BASE:         /Users/sumandey/Documents/servlets/projects/StudentManagement
25-Jan-2024 08:15:17.397 INFO [main] org.apache.catalina.startup.VersionLoggerListener.log CATALINA_HOME:         /Users/sumandey/Documents/servlets/tomcat/apache-tomcat-10.1.18
25-Jan-2024 08:15:17.404 INFO [main] org.apache.catalina.startup.VersionLoggerListener.log Command line argument: --add-opens=java.base/java.lang=ALL-UNNAMED
25-Jan-2024 08:15:17.404 INFO [main] org.apache.catalina.startup.VersionLoggerListener.log Command line argument: --add-opens=java.base/java.io=ALL-UNNAMED
25-Jan-2024 08:15:17.404 INFO [main] org.apache.catalina.startup.VersionLoggerListener.log Command line argument: --add-opens=java.base/java.util=ALL-UNNAMED
25-Jan-2024 08:15:17.404 INFO [main] org.apache.catalina.startup.VersionLoggerListener.log Command line argument: --add-opens=java.base/java.util.concurrent=ALL-UNNAMED
25-Jan-2024 08:15:17.404 INFO [main] org.apache.catalina.startup.VersionLoggerListener.log Command line argument: --add-opens=java.rmi/sun.rmi.transport=ALL-UNNAMED
25-Jan-2024 08:15:17.404 INFO [main] org.apache.catalina.startup.VersionLoggerListener.log Command line argument: -Dcatalina.home=/Users/sumandey/Documents/servlets/tomcat/apache-tomcat-10.1.18
25-Jan-2024 08:15:17.404 INFO [main] org.apache.catalina.startup.VersionLoggerListener.log Command line argument: -Dcatalina.base=/Users/sumandey/Documents/servlets/projects/StudentManagement
25-Jan-2024 08:15:17.404 INFO [main] org.apache.catalina.startup.VersionLoggerListener.log Command line argument: -Djava.io.tmpdir=/Users/sumandey/Documents/servlets/projects/StudentManagement/temp
25-Jan-2024 08:15:17.404 INFO [main] org.apache.catalina.startup.VersionLoggerListener.log Command line argument: -Djava.util.logging.config.file=/Users/sumandey/Documents/servlets/projects/StudentManagement/conf/logging.properties
25-Jan-2024 08:15:17.405 INFO [main] org.apache.catalina.startup.VersionLoggerListener.log Command line argument: -Djava.util.logging.manager=org.apache.juli.ClassLoaderLogManager
25-Jan-2024 08:15:17.405 INFO [main] org.apache.catalina.startup.VersionLoggerListener.log Command line argument: -javaagent:/Applications/IntelliJ IDEA CE.app/Contents/lib/idea_rt.jar=54132:/Applications/IntelliJ IDEA CE.app/Contents/bin
25-Jan-2024 08:15:17.405 INFO [main] org.apache.catalina.startup.VersionLoggerListener.log Command line argument: -Dfile.encoding=UTF-8
25-Jan-2024 08:15:17.409 INFO [main] org.apache.catalina.core.AprLifecycleListener.lifecycleEvent The Apache Tomcat Native library which allows using OpenSSL was not found on the java.library.path: [/Users/sumandey/Library/Java/Extensions:/Library/Java/Extensions:/Network/Library/Java/Extensions:/System/Library/Java/Extensions:/usr/lib/java:.]
25-Jan-2024 08:15:17.522 INFO [main] org.apache.coyote.AbstractProtocol.init Initializing ProtocolHandler ["http-nio-8080"]
25-Jan-2024 08:15:17.542 INFO [main] org.apache.catalina.startup.Catalina.load Server initialization in [301] milliseconds
25-Jan-2024 08:15:17.586 INFO [main] org.apache.catalina.core.StandardService.startInternal Starting service [Catalina]
25-Jan-2024 08:15:17.587 INFO [main] org.apache.catalina.core.StandardEngine.startInternal Starting Servlet engine: [Apache Tomcat/10.1.18]
25-Jan-2024 08:15:17.591 INFO [main] org.apache.catalina.startup.HostConfig.deployDescriptor Deploying deployment descriptor [/Users/sumandey/Documents/servlets/projects/StudentManagement/conf/Catalina/localhost/StudentManagement.xml]
25-Jan-2024 08:15:17.925 INFO [main] org.apache.jasper.servlet.TldScanner.scanJars At least one JAR was scanned for TLDs yet contained no TLDs. Enable debug logging for this logger for a complete list of JARs that were scanned but no TLDs were found in them. Skipping unneeded JARs during scanning can improve startup time and JSP compilation time.
25-Jan-2024 08:15:17.945 INFO [main] org.apache.catalina.startup.HostConfig.deployDescriptor Deployment of deployment descriptor [/Users/sumandey/Documents/servlets/projects/StudentManagement/conf/Catalina/localhost/StudentManagement.xml] has finished in [354] ms
25-Jan-2024 08:15:17.947 INFO [main] org.apache.coyote.AbstractProtocol.start Starting ProtocolHandler ["http-nio-8080"]
25-Jan-2024 08:15:17.952 INFO [main] org.apache.catalina.startup.Catalina.start Server startup in [409] milliseconds
25-Jan-2024 08:16:44.361 INFO [Thread-1] org.apache.coyote.AbstractProtocol.pause Pausing ProtocolHandler ["http-nio-8080"]
25-Jan-2024 08:16:44.365 INFO [Thread-1] org.apache.catalina.core.StandardService.stopInternal Stopping service [Catalina]
25-Jan-2024 08:16:44.388 INFO [Thread-1] org.apache.coyote.AbstractProtocol.stop Stopping ProtocolHandler ["http-nio-8080"]
25-Jan-2024 08:16:44.395 INFO [Thread-1] org.apache.coyote.AbstractProtocol.destroy Destroying ProtocolHandler ["http-nio-8080"]
25-Jan-2024 19:06:25.901 INFO [main] org.apache.catalina.startup.VersionLoggerListener.log Server version name:   Apache Tomcat/10.1.18
25-Jan-2024 19:06:25.903 INFO [main] org.apache.catalina.startup.VersionLoggerListener.log Server built:          Jan 5 2024 14:39:40 UTC
25-Jan-2024 19:06:25.903 INFO [main] org.apache.catalina.startup.VersionLoggerListener.log Server version number: 10.1.18.0
25-Jan-2024 19:06:25.903 INFO [main] org.apache.catalina.startup.VersionLoggerListener.log OS Name:               Mac OS X
25-Jan-2024 19:06:25.903 INFO [main] org.apache.catalina.startup.VersionLoggerListener.log OS Version:            14.2.1
25-Jan-2024 19:06:25.903 INFO [main] org.apache.catalina.startup.VersionLoggerListener.log Architecture:          aarch64
25-Jan-2024 19:06:25.903 INFO [main] org.apache.catalina.startup.VersionLoggerListener.log Java Home:             /Users/sumandey/Library/Java/JavaVirtualMachines/corretto-17.0.10/Contents/Home
25-Jan-2024 19:06:25.903 INFO [main] org.apache.catalina.startup.VersionLoggerListener.log JVM Version:           17.0.10+7-LTS
25-Jan-2024 19:06:25.904 INFO [main] org.apache.catalina.startup.VersionLoggerListener.log JVM Vendor:            Amazon.com Inc.
25-Jan-2024 19:06:25.904 INFO [main] org.apache.catalina.startup.VersionLoggerListener.log CATALINA_BASE:         /Users/sumandey/Documents/servlets/projects/StudentManagement
25-Jan-2024 19:06:25.904 INFO [main] org.apache.catalina.startup.VersionLoggerListener.log CATALINA_HOME:         /Users/sumandey/Documents/servlets/tomcat/apache-tomcat-10.1.18
25-Jan-2024 19:06:25.909 INFO [main] org.apache.catalina.startup.VersionLoggerListener.log Command line argument: --add-opens=java.base/java.lang=ALL-UNNAMED
25-Jan-2024 19:06:25.910 INFO [main] org.apache.catalina.startup.VersionLoggerListener.log Command line argument: --add-opens=java.base/java.io=ALL-UNNAMED
25-Jan-2024 19:06:25.910 INFO [main] org.apache.catalina.startup.VersionLoggerListener.log Command line argument: --add-opens=java.base/java.util=ALL-UNNAMED
25-Jan-2024 19:06:25.910 INFO [main] org.apache.catalina.startup.VersionLoggerListener.log Command line argument: --add-opens=java.base/java.util.concurrent=ALL-UNNAMED
25-Jan-2024 19:06:25.910 INFO [main] org.apache.catalina.startup.VersionLoggerListener.log Command line argument: --add-opens=java.rmi/sun.rmi.transport=ALL-UNNAMED
25-Jan-2024 19:06:25.910 INFO [main] org.apache.catalina.startup.VersionLoggerListener.log Command line argument: -Dcatalina.home=/Users/sumandey/Documents/servlets/tomcat/apache-tomcat-10.1.18
25-Jan-2024 19:06:25.910 INFO [main] org.apache.catalina.startup.VersionLoggerListener.log Command line argument: -Dcatalina.base=/Users/sumandey/Documents/servlets/projects/StudentManagement
25-Jan-2024 19:06:25.910 INFO [main] org.apache.catalina.startup.VersionLoggerListener.log Command line argument: -Djava.io.tmpdir=/Users/sumandey/Documents/servlets/projects/StudentManagement/temp
25-Jan-2024 19:06:25.910 INFO [main] org.apache.catalina.startup.VersionLoggerListener.log Command line argument: -Djava.util.logging.config.file=/Users/sumandey/Documents/servlets/projects/StudentManagement/conf/logging.properties
25-Jan-2024 19:06:25.910 INFO [main] org.apache.catalina.startup.VersionLoggerListener.log Command line argument: -Djava.util.logging.manager=org.apache.juli.ClassLoaderLogManager
25-Jan-2024 19:06:25.910 INFO [main] org.apache.catalina.startup.VersionLoggerListener.log Command line argument: -javaagent:/Applications/IntelliJ IDEA CE.app/Contents/lib/idea_rt.jar=55281:/Applications/IntelliJ IDEA CE.app/Contents/bin
25-Jan-2024 19:06:25.910 INFO [main] org.apache.catalina.startup.VersionLoggerListener.log Command line argument: -Dfile.encoding=UTF-8
25-Jan-2024 19:06:25.918 INFO [main] org.apache.catalina.core.AprLifecycleListener.lifecycleEvent The Apache Tomcat Native library which allows using OpenSSL was not found on the java.library.path: [/Users/sumandey/Library/Java/Extensions:/Library/Java/Extensions:/Network/Library/Java/Extensions:/System/Library/Java/Extensions:/usr/lib/java:.]
25-Jan-2024 19:06:26.044 INFO [main] org.apache.coyote.AbstractProtocol.init Initializing ProtocolHandler ["http-nio-8080"]
25-Jan-2024 19:06:26.059 INFO [main] org.apache.catalina.startup.Catalina.load Server initialization in [251] milliseconds
25-Jan-2024 19:06:26.079 INFO [main] org.apache.catalina.core.StandardService.startInternal Starting service [Catalina]
25-Jan-2024 19:06:26.079 INFO [main] org.apache.catalina.core.StandardEngine.startInternal Starting Servlet engine: [Apache Tomcat/10.1.18]
25-Jan-2024 19:06:26.082 INFO [main] org.apache.catalina.startup.HostConfig.deployDescriptor Deploying deployment descriptor [/Users/sumandey/Documents/servlets/projects/StudentManagement/conf/Catalina/localhost/StudentManagement.xml]
25-Jan-2024 19:06:26.349 INFO [main] org.apache.jasper.servlet.TldScanner.scanJars At least one JAR was scanned for TLDs yet contained no TLDs. Enable debug logging for this logger for a complete list of JARs that were scanned but no TLDs were found in them. Skipping unneeded JARs during scanning can improve startup time and JSP compilation time.
25-Jan-2024 19:06:26.366 INFO [main] org.apache.catalina.startup.HostConfig.deployDescriptor Deployment of deployment descriptor [/Users/sumandey/Documents/servlets/projects/StudentManagement/conf/Catalina/localhost/StudentManagement.xml] has finished in [284] ms
25-Jan-2024 19:06:26.367 INFO [main] org.apache.coyote.AbstractProtocol.start Starting ProtocolHandler ["http-nio-8080"]
25-Jan-2024 19:06:26.372 INFO [main] org.apache.catalina.startup.Catalina.start Server startup in [313] milliseconds
25-Jan-2024 19:06:28.542 INFO [Thread-1] org.apache.coyote.AbstractProtocol.pause Pausing ProtocolHandler ["http-nio-8080"]
25-Jan-2024 19:06:28.545 INFO [Thread-1] org.apache.catalina.core.StandardService.stopInternal Stopping service [Catalina]
25-Jan-2024 19:06:28.553 INFO [Thread-1] org.apache.coyote.AbstractProtocol.stop Stopping ProtocolHandler ["http-nio-8080"]
25-Jan-2024 19:06:28.555 INFO [Thread-1] org.apache.coyote.AbstractProtocol.destroy Destroying ProtocolHandler ["http-nio-8080"]
25-Jan-2024 19:06:33.215 INFO [main] org.apache.catalina.startup.VersionLoggerListener.log Server version name:   Apache Tomcat/10.1.18
25-Jan-2024 19:06:33.217 INFO [main] org.apache.catalina.startup.VersionLoggerListener.log Server built:          Jan 5 2024 14:39:40 UTC
25-Jan-2024 19:06:33.217 INFO [main] org.apache.catalina.startup.VersionLoggerListener.log Server version number: 10.1.18.0
25-Jan-2024 19:06:33.217 INFO [main] org.apache.catalina.startup.VersionLoggerListener.log OS Name:               Mac OS X
25-Jan-2024 19:06:33.217 INFO [main] org.apache.catalina.startup.VersionLoggerListener.log OS Version:            14.2.1
25-Jan-2024 19:06:33.218 INFO [main] org.apache.catalina.startup.VersionLoggerListener.log Architecture:          aarch64
25-Jan-2024 19:06:33.218 INFO [main] org.apache.catalina.startup.VersionLoggerListener.log Java Home:             /Users/sumandey/Library/Java/JavaVirtualMachines/corretto-17.0.10/Contents/Home
25-Jan-2024 19:06:33.218 INFO [main] org.apache.catalina.startup.VersionLoggerListener.log JVM Version:           17.0.10+7-LTS
25-Jan-2024 19:06:33.218 INFO [main] org.apache.catalina.startup.VersionLoggerListener.log JVM Vendor:            Amazon.com Inc.
25-Jan-2024 19:06:33.218 INFO [main] org.apache.catalina.startup.VersionLoggerListener.log CATALINA_BASE:         /Users/sumandey/Documents/servlets/projects/StudentManagement
25-Jan-2024 19:06:33.218 INFO [main] org.apache.catalina.startup.VersionLoggerListener.log CATALINA_HOME:         /Users/sumandey/Documents/servlets/tomcat/apache-tomcat-10.1.18
25-Jan-2024 19:06:33.225 INFO [main] org.apache.catalina.startup.VersionLoggerListener.log Command line argument: --add-opens=java.base/java.lang=ALL-UNNAMED
25-Jan-2024 19:06:33.225 INFO [main] org.apache.catalina.startup.VersionLoggerListener.log Command line argument: --add-opens=java.base/java.io=ALL-UNNAMED
25-Jan-2024 19:06:33.225 INFO [main] org.apache.catalina.startup.VersionLoggerListener.log Command line argument: --add-opens=java.base/java.util=ALL-UNNAMED
25-Jan-2024 19:06:33.225 INFO [main] org.apache.catalina.startup.VersionLoggerListener.log Command line argument: --add-opens=java.base/java.util.concurrent=ALL-UNNAMED
25-Jan-2024 19:06:33.225 INFO [main] org.apache.catalina.startup.VersionLoggerListener.log Command line argument: --add-opens=java.rmi/sun.rmi.transport=ALL-UNNAMED
25-Jan-2024 19:06:33.225 INFO [main] org.apache.catalina.startup.VersionLoggerListener.log Command line argument: -Dcatalina.home=/Users/sumandey/Documents/servlets/tomcat/apache-tomcat-10.1.18
25-Jan-2024 19:06:33.225 INFO [main] org.apache.catalina.startup.VersionLoggerListener.log Command line argument: -Dcatalina.base=/Users/sumandey/Documents/servlets/projects/StudentManagement
25-Jan-2024 19:06:33.225 INFO [main] org.apache.catalina.startup.VersionLoggerListener.log Command line argument: -Djava.io.tmpdir=/Users/sumandey/Documents/servlets/projects/StudentManagement/temp
25-Jan-2024 19:06:33.225 INFO [main] org.apache.catalina.startup.VersionLoggerListener.log Command line argument: -Djava.util.logging.config.file=/Users/sumandey/Documents/servlets/projects/StudentManagement/conf/logging.properties
25-Jan-2024 19:06:33.226 INFO [main] org.apache.catalina.startup.VersionLoggerListener.log Command line argument: -Djava.util.logging.manager=org.apache.juli.ClassLoaderLogManager
25-Jan-2024 19:06:33.226 INFO [main] org.apache.catalina.startup.VersionLoggerListener.log Command line argument: -javaagent:/Applications/IntelliJ IDEA CE.app/Contents/lib/idea_rt.jar=55285:/Applications/IntelliJ IDEA CE.app/Contents/bin
25-Jan-2024 19:06:33.226 INFO [main] org.apache.catalina.startup.VersionLoggerListener.log Command line argument: -Dfile.encoding=UTF-8
25-Jan-2024 19:06:33.231 INFO [main] org.apache.catalina.core.AprLifecycleListener.lifecycleEvent The Apache Tomcat Native library which allows using OpenSSL was not found on the java.library.path: [/Users/sumandey/Library/Java/Extensions:/Library/Java/Extensions:/Network/Library/Java/Extensions:/System/Library/Java/Extensions:/usr/lib/java:.]
25-Jan-2024 19:06:33.395 INFO [main] org.apache.coyote.AbstractProtocol.init Initializing ProtocolHandler ["http-nio-8080"]
25-Jan-2024 19:06:33.431 INFO [main] org.apache.catalina.startup.Catalina.load Server initialization in [304] milliseconds
25-Jan-2024 19:06:33.467 INFO [main] org.apache.catalina.core.StandardService.startInternal Starting service [Catalina]
25-Jan-2024 19:06:33.468 INFO [main] org.apache.catalina.core.StandardEngine.startInternal Starting Servlet engine: [Apache Tomcat/10.1.18]
25-Jan-2024 19:06:33.476 INFO [main] org.apache.catalina.startup.HostConfig.deployDescriptor Deploying deployment descriptor [/Users/sumandey/Documents/servlets/projects/StudentManagement/conf/Catalina/localhost/StudentManagement.xml]
25-Jan-2024 19:06:33.738 INFO [main] org.apache.jasper.servlet.TldScanner.scanJars At least one JAR was scanned for TLDs yet contained no TLDs. Enable debug logging for this logger for a complete list of JARs that were scanned but no TLDs were found in them. Skipping unneeded JARs during scanning can improve startup time and JSP compilation time.
25-Jan-2024 19:06:33.756 INFO [main] org.apache.catalina.startup.HostConfig.deployDescriptor Deployment of deployment descriptor [/Users/sumandey/Documents/servlets/projects/StudentManagement/conf/Catalina/localhost/StudentManagement.xml] has finished in [280] ms
25-Jan-2024 19:06:33.758 INFO [main] org.apache.coyote.AbstractProtocol.start Starting ProtocolHandler ["http-nio-8080"]
25-Jan-2024 19:06:33.763 INFO [main] org.apache.catalina.startup.Catalina.start Server startup in [332] milliseconds
25-Jan-2024 19:06:46.170 INFO [Thread-1] org.apache.coyote.AbstractProtocol.pause Pausing ProtocolHandler ["http-nio-8080"]
25-Jan-2024 19:06:46.180 INFO [Thread-1] org.apache.catalina.core.StandardService.stopInternal Stopping service [Catalina]
25-Jan-2024 19:06:46.201 INFO [Thread-1] org.apache.coyote.AbstractProtocol.stop Stopping ProtocolHandler ["http-nio-8080"]
25-Jan-2024 19:06:46.204 INFO [Thread-1] org.apache.coyote.AbstractProtocol.destroy Destroying ProtocolHandler ["http-nio-8080"]
