16-Feb-2024 08:41:41.337 INFO [main] org.apache.catalina.startup.VersionLoggerListener.log Server version name:   Apache Tomcat/10.1.18
16-Feb-2024 08:41:41.342 INFO [main] org.apache.catalina.startup.VersionLoggerListener.log Server built:          Jan 5 2024 14:39:40 UTC
16-Feb-2024 08:41:41.343 INFO [main] org.apache.catalina.startup.VersionLoggerListener.log Server version number: 10.1.18.0
16-Feb-2024 08:41:41.343 INFO [main] org.apache.catalina.startup.VersionLoggerListener.log OS Name:               Mac OS X
16-Feb-2024 08:41:41.343 INFO [main] org.apache.catalina.startup.VersionLoggerListener.log OS Version:            14.2.1
16-Feb-2024 08:41:41.343 INFO [main] org.apache.catalina.startup.VersionLoggerListener.log Architecture:          aarch64
16-Feb-2024 08:41:41.343 INFO [main] org.apache.catalina.startup.VersionLoggerListener.log Java Home:             /Users/sumandey/Library/Java/JavaVirtualMachines/corretto-17.0.10/Contents/Home
16-Feb-2024 08:41:41.343 INFO [main] org.apache.catalina.startup.VersionLoggerListener.log JVM Version:           17.0.10+7-LTS
16-Feb-2024 08:41:41.343 INFO [main] org.apache.catalina.startup.VersionLoggerListener.log JVM Vendor:            Amazon.com Inc.
16-Feb-2024 08:41:41.343 INFO [main] org.apache.catalina.startup.VersionLoggerListener.log CATALINA_BASE:         /Users/sumandey/Documents/servlets/projects/StudentManagement
16-Feb-2024 08:41:41.343 INFO [main] org.apache.catalina.startup.VersionLoggerListener.log CATALINA_HOME:         /Users/sumandey/Documents/servlets/tomcat/apache-tomcat-10.1.18
16-Feb-2024 08:41:41.365 INFO [main] org.apache.catalina.startup.VersionLoggerListener.log Command line argument: --add-opens=java.base/java.lang=ALL-UNNAMED
16-Feb-2024 08:41:41.366 INFO [main] org.apache.catalina.startup.VersionLoggerListener.log Command line argument: --add-opens=java.base/java.io=ALL-UNNAMED
16-Feb-2024 08:41:41.366 INFO [main] org.apache.catalina.startup.VersionLoggerListener.log Command line argument: --add-opens=java.base/java.util=ALL-UNNAMED
16-Feb-2024 08:41:41.366 INFO [main] org.apache.catalina.startup.VersionLoggerListener.log Command line argument: --add-opens=java.base/java.util.concurrent=ALL-UNNAMED
16-Feb-2024 08:41:41.366 INFO [main] org.apache.catalina.startup.VersionLoggerListener.log Command line argument: --add-opens=java.rmi/sun.rmi.transport=ALL-UNNAMED
16-Feb-2024 08:41:41.366 INFO [main] org.apache.catalina.startup.VersionLoggerListener.log Command line argument: -Dcatalina.home=/Users/sumandey/Documents/servlets/tomcat/apache-tomcat-10.1.18
16-Feb-2024 08:41:41.366 INFO [main] org.apache.catalina.startup.VersionLoggerListener.log Command line argument: -Dcatalina.base=/Users/sumandey/Documents/servlets/projects/StudentManagement
16-Feb-2024 08:41:41.367 INFO [main] org.apache.catalina.startup.VersionLoggerListener.log Command line argument: -Djava.io.tmpdir=/Users/sumandey/Documents/servlets/projects/StudentManagement/temp
16-Feb-2024 08:41:41.367 INFO [main] org.apache.catalina.startup.VersionLoggerListener.log Command line argument: -Djava.util.logging.config.file=/Users/sumandey/Documents/servlets/projects/StudentManagement/conf/logging.properties
16-Feb-2024 08:41:41.367 INFO [main] org.apache.catalina.startup.VersionLoggerListener.log Command line argument: -Djava.util.logging.manager=org.apache.juli.ClassLoaderLogManager
16-Feb-2024 08:41:41.367 INFO [main] org.apache.catalina.startup.VersionLoggerListener.log Command line argument: -javaagent:/Applications/IntelliJ IDEA CE.app/Contents/lib/idea_rt.jar=60933:/Applications/IntelliJ IDEA CE.app/Contents/bin
16-Feb-2024 08:41:41.367 INFO [main] org.apache.catalina.startup.VersionLoggerListener.log Command line argument: -Dfile.encoding=UTF-8
16-Feb-2024 08:41:41.375 INFO [main] org.apache.catalina.core.AprLifecycleListener.lifecycleEvent The Apache Tomcat Native library which allows using OpenSSL was not found on the java.library.path: [/Users/sumandey/Library/Java/Extensions:/Library/Java/Extensions:/Network/Library/Java/Extensions:/System/Library/Java/Extensions:/usr/lib/java:.]
16-Feb-2024 08:41:41.556 INFO [main] org.apache.coyote.AbstractProtocol.init Initializing ProtocolHandler ["http-nio-8080"]
16-Feb-2024 08:41:41.594 INFO [main] org.apache.catalina.startup.Catalina.load Server initialization in [376] milliseconds
16-Feb-2024 08:41:41.631 INFO [main] org.apache.catalina.core.StandardService.startInternal Starting service [Catalina]
16-Feb-2024 08:41:41.631 INFO [main] org.apache.catalina.core.StandardEngine.startInternal Starting Servlet engine: [Apache Tomcat/10.1.18]
16-Feb-2024 08:41:41.638 INFO [main] org.apache.catalina.startup.HostConfig.deployDescriptor Deploying deployment descriptor [/Users/sumandey/Documents/servlets/projects/StudentManagement/conf/Catalina/localhost/StudentManagement.xml]
16-Feb-2024 08:41:42.087 INFO [main] org.apache.jasper.servlet.TldScanner.scanJars At least one JAR was scanned for TLDs yet contained no TLDs. Enable debug logging for this logger for a complete list of JARs that were scanned but no TLDs were found in them. Skipping unneeded JARs during scanning can improve startup time and JSP compilation time.
16-Feb-2024 08:41:42.122 INFO [main] org.apache.catalina.startup.HostConfig.deployDescriptor Deployment of deployment descriptor [/Users/sumandey/Documents/servlets/projects/StudentManagement/conf/Catalina/localhost/StudentManagement.xml] has finished in [484] ms
16-Feb-2024 08:41:42.124 INFO [main] org.apache.coyote.AbstractProtocol.start Starting ProtocolHandler ["http-nio-8080"]
16-Feb-2024 08:41:42.131 INFO [main] org.apache.catalina.startup.Catalina.start Server startup in [537] milliseconds
16-Feb-2024 08:44:20.545 INFO [Thread-1] org.apache.coyote.AbstractProtocol.pause Pausing ProtocolHandler ["http-nio-8080"]
16-Feb-2024 08:44:20.548 INFO [Thread-1] org.apache.catalina.core.StandardService.stopInternal Stopping service [Catalina]
16-Feb-2024 08:44:20.565 INFO [Thread-1] org.apache.coyote.AbstractProtocol.stop Stopping ProtocolHandler ["http-nio-8080"]
16-Feb-2024 08:44:20.575 INFO [Thread-1] org.apache.coyote.AbstractProtocol.destroy Destroying ProtocolHandler ["http-nio-8080"]
16-Feb-2024 08:44:22.294 INFO [main] org.apache.catalina.startup.VersionLoggerListener.log Server version name:   Apache Tomcat/10.1.18
16-Feb-2024 08:44:22.297 INFO [main] org.apache.catalina.startup.VersionLoggerListener.log Server built:          Jan 5 2024 14:39:40 UTC
16-Feb-2024 08:44:22.297 INFO [main] org.apache.catalina.startup.VersionLoggerListener.log Server version number: 10.1.18.0
16-Feb-2024 08:44:22.297 INFO [main] org.apache.catalina.startup.VersionLoggerListener.log OS Name:               Mac OS X
16-Feb-2024 08:44:22.298 INFO [main] org.apache.catalina.startup.VersionLoggerListener.log OS Version:            14.2.1
16-Feb-2024 08:44:22.298 INFO [main] org.apache.catalina.startup.VersionLoggerListener.log Architecture:          aarch64
16-Feb-2024 08:44:22.298 INFO [main] org.apache.catalina.startup.VersionLoggerListener.log Java Home:             /Users/sumandey/Library/Java/JavaVirtualMachines/corretto-17.0.10/Contents/Home
16-Feb-2024 08:44:22.298 INFO [main] org.apache.catalina.startup.VersionLoggerListener.log JVM Version:           17.0.10+7-LTS
16-Feb-2024 08:44:22.298 INFO [main] org.apache.catalina.startup.VersionLoggerListener.log JVM Vendor:            Amazon.com Inc.
16-Feb-2024 08:44:22.298 INFO [main] org.apache.catalina.startup.VersionLoggerListener.log CATALINA_BASE:         /Users/sumandey/Documents/servlets/projects/StudentManagement
16-Feb-2024 08:44:22.298 INFO [main] org.apache.catalina.startup.VersionLoggerListener.log CATALINA_HOME:         /Users/sumandey/Documents/servlets/tomcat/apache-tomcat-10.1.18
16-Feb-2024 08:44:22.306 INFO [main] org.apache.catalina.startup.VersionLoggerListener.log Command line argument: --add-opens=java.base/java.lang=ALL-UNNAMED
16-Feb-2024 08:44:22.306 INFO [main] org.apache.catalina.startup.VersionLoggerListener.log Command line argument: --add-opens=java.base/java.io=ALL-UNNAMED
16-Feb-2024 08:44:22.306 INFO [main] org.apache.catalina.startup.VersionLoggerListener.log Command line argument: --add-opens=java.base/java.util=ALL-UNNAMED
16-Feb-2024 08:44:22.306 INFO [main] org.apache.catalina.startup.VersionLoggerListener.log Command line argument: --add-opens=java.base/java.util.concurrent=ALL-UNNAMED
16-Feb-2024 08:44:22.306 INFO [main] org.apache.catalina.startup.VersionLoggerListener.log Command line argument: --add-opens=java.rmi/sun.rmi.transport=ALL-UNNAMED
16-Feb-2024 08:44:22.306 INFO [main] org.apache.catalina.startup.VersionLoggerListener.log Command line argument: -Dcatalina.home=/Users/sumandey/Documents/servlets/tomcat/apache-tomcat-10.1.18
16-Feb-2024 08:44:22.306 INFO [main] org.apache.catalina.startup.VersionLoggerListener.log Command line argument: -Dcatalina.base=/Users/sumandey/Documents/servlets/projects/StudentManagement
16-Feb-2024 08:44:22.306 INFO [main] org.apache.catalina.startup.VersionLoggerListener.log Command line argument: -Djava.io.tmpdir=/Users/sumandey/Documents/servlets/projects/StudentManagement/temp
16-Feb-2024 08:44:22.306 INFO [main] org.apache.catalina.startup.VersionLoggerListener.log Command line argument: -Djava.util.logging.config.file=/Users/sumandey/Documents/servlets/projects/StudentManagement/conf/logging.properties
16-Feb-2024 08:44:22.306 INFO [main] org.apache.catalina.startup.VersionLoggerListener.log Command line argument: -Djava.util.logging.manager=org.apache.juli.ClassLoaderLogManager
16-Feb-2024 08:44:22.306 INFO [main] org.apache.catalina.startup.VersionLoggerListener.log Command line argument: -javaagent:/Applications/IntelliJ IDEA CE.app/Contents/lib/idea_rt.jar=60948:/Applications/IntelliJ IDEA CE.app/Contents/bin
16-Feb-2024 08:44:22.306 INFO [main] org.apache.catalina.startup.VersionLoggerListener.log Command line argument: -Dfile.encoding=UTF-8
16-Feb-2024 08:44:22.310 INFO [main] org.apache.catalina.core.AprLifecycleListener.lifecycleEvent The Apache Tomcat Native library which allows using OpenSSL was not found on the java.library.path: [/Users/sumandey/Library/Java/Extensions:/Library/Java/Extensions:/Network/Library/Java/Extensions:/System/Library/Java/Extensions:/usr/lib/java:.]
16-Feb-2024 08:44:22.455 INFO [main] org.apache.coyote.AbstractProtocol.init Initializing ProtocolHandler ["http-nio-8080"]
16-Feb-2024 08:44:22.467 INFO [main] org.apache.catalina.startup.Catalina.load Server initialization in [255] milliseconds
16-Feb-2024 08:44:22.483 INFO [main] org.apache.catalina.core.StandardService.startInternal Starting service [Catalina]
16-Feb-2024 08:44:22.483 INFO [main] org.apache.catalina.core.StandardEngine.startInternal Starting Servlet engine: [Apache Tomcat/10.1.18]
16-Feb-2024 08:44:22.488 INFO [main] org.apache.catalina.startup.HostConfig.deployDescriptor Deploying deployment descriptor [/Users/sumandey/Documents/servlets/projects/StudentManagement/conf/Catalina/localhost/StudentManagement.xml]
16-Feb-2024 08:44:22.893 INFO [main] org.apache.jasper.servlet.TldScanner.scanJars At least one JAR was scanned for TLDs yet contained no TLDs. Enable debug logging for this logger for a complete list of JARs that were scanned but no TLDs were found in them. Skipping unneeded JARs during scanning can improve startup time and JSP compilation time.
16-Feb-2024 08:44:22.908 INFO [main] org.apache.catalina.startup.HostConfig.deployDescriptor Deployment of deployment descriptor [/Users/sumandey/Documents/servlets/projects/StudentManagement/conf/Catalina/localhost/StudentManagement.xml] has finished in [420] ms
16-Feb-2024 08:44:22.909 INFO [main] org.apache.coyote.AbstractProtocol.start Starting ProtocolHandler ["http-nio-8080"]
16-Feb-2024 08:44:22.914 INFO [main] org.apache.catalina.startup.Catalina.start Server startup in [446] milliseconds
16-Feb-2024 10:24:13.573 INFO [Thread-1] org.apache.coyote.AbstractProtocol.pause Pausing ProtocolHandler ["http-nio-8080"]
16-Feb-2024 10:24:13.612 INFO [Thread-1] org.apache.catalina.core.StandardService.stopInternal Stopping service [Catalina]
16-Feb-2024 10:24:13.785 INFO [Thread-1] org.apache.coyote.AbstractProtocol.stop Stopping ProtocolHandler ["http-nio-8080"]
16-Feb-2024 10:24:13.796 INFO [Thread-1] org.apache.coyote.AbstractProtocol.destroy Destroying ProtocolHandler ["http-nio-8080"]
